This file contains any messages produced by compilers while
running configure, to aid debugging if configure makes a mistake.

It was created by CoinUtils configure 0.1, which was
generated by GNU Autoconf 2.59.  Invocation command line was

  $ ./configure --prefix=/Users/dustin/Documents/Projects/sequence-mining/pboost-1.0/external/osi-0.95.3 --cache-file=/dev/null --srcdir=.

## --------- ##
## Platform. ##
## --------- ##

hostname = Turing-2.local
uname -m = i386
uname -r = 9.8.0
uname -s = Darwin
uname -v = Darwin Kernel Version 9.8.0: Wed Jul 15 16:55:01 PDT 2009; root:xnu-1228.15.4~1/RELEASE_I386

/usr/bin/uname -p = i386
/bin/uname -X     = unknown

/bin/arch              = unknown
/usr/bin/arch -k       = unknown
/usr/convex/getsysinfo = unknown
hostinfo               = Mach kernel version:
	 Darwin Kernel Version 9.8.0: Wed Jul 15 16:55:01 PDT 2009; root:xnu-1228.15.4~1/RELEASE_I386
Kernel configured for up to 2 processors.
2 processors are physically available.
2 processors are logically available.
Processor type: i486 (Intel 80486)
Processors active: 0 1
Primary memory available: 2.00 gigabytes
Default processor set: 82 tasks, 325 threads, 2 processors
Load average: 0.83, Mach factor: 1.16
/bin/machine           = unknown
/usr/bin/oslevel       = unknown
/bin/universe          = unknown

PATH: /opt/local/Library/Frameworks/Python.framework/Versions/2.6/bin/
PATH: /opt/local/bin
PATH: /opt/local/sbin
PATH: /opt/local/bin
PATH: /Users/dustin/.cabal/bin
PATH: /opt/local/sbin
PATH: /Applications/MATLAB_R2008a/bin
PATH: /opt/local/Library/Frameworks/Python.framework/Versions/2.6/bin/
PATH: /opt/local/lib/mysql5/bin
PATH: /opt/local/bin
PATH: /Users/dustin/MonetDb/etc
PATH: /Users/dustin/MonetDb/include
PATH: /Users/dustin/MonetDb/share
PATH: /Users/dustin/Monetdb/var
PATH: /Users/dustin/MonetDb/lib
PATH: /Users/dustin/MonetDb/bin
PATH: /opt/local/sbin
PATH: /usr/local/android-sdk-mac_x86-1.5_r1
PATH: /opt/local/bin
PATH: /Users/dustin/.cabal/bin
PATH: /opt/local/sbin
PATH: /Library/Frameworks/Python.framework/Versions/Current/bin
PATH: /opt/local/Library/Frameworks/Python.framework/Versions/2.6/bin/
PATH: /opt/local/bin
PATH: /opt/local/sbin
PATH: /opt/local/bin
PATH: /Users/dustin/.cabal/bin
PATH: /opt/local/sbin
PATH: /Applications/MATLAB_R2008a/bin
PATH: /opt/local/Library/Frameworks/Python.framework/Versions/2.6/bin/
PATH: /opt/local/lib/mysql5/bin
PATH: /opt/local/bin
PATH: /Users/dustin/MonetDb/etc
PATH: /Users/dustin/MonetDb/include
PATH: /Users/dustin/MonetDb/share
PATH: /Users/dustin/Monetdb/var
PATH: /Users/dustin/MonetDb/lib
PATH: /Users/dustin/MonetDb/bin
PATH: /opt/local/sbin
PATH: /usr/local/android-sdk-mac_x86-1.5_r1
PATH: /opt/local/bin
PATH: /Users/dustin/.cabal/bin
PATH: /opt/local/sbin
PATH: /Library/Frameworks/Python.framework/Versions/Current/bin
PATH: /opt/local/Library/Frameworks/Python.framework/Versions/2.6/bin/
PATH: /opt/local/bin
PATH: /opt/local/sbin
PATH: /opt/local/bin
PATH: /Users/dustin/.cabal/bin
PATH: /opt/local/sbin
PATH: /usr/bin
PATH: /bin
PATH: /usr/sbin
PATH: /sbin
PATH: /usr/local/bin
PATH: /usr/texbin
PATH: /usr/X11/bin


## ----------- ##
## Core tests. ##
## ----------- ##

configure:1645: checking build system type
configure:1663: result: i386-apple-darwin9.8.0
configure:1704: checking whether we want to compile in debug mode
configure:1749: result: no
configure:1908: checking for xlc_r
configure:1937: result: no
configure:1908: checking for xlc
configure:1937: result: no
configure:1908: checking for cc
configure:1924: found /usr/bin/cc
configure:1934: result: cc
configure:1955: checking for C compiler version
configure:1958: cc --version </dev/null >&5
i686-apple-darwin9-gcc-4.0.1 (GCC) 4.0.1 (Apple Inc. build 5490)
Copyright (C) 2005 Free Software Foundation, Inc.
This is free software; see the source for copying conditions.  There is NO
warranty; not even for MERCHANTABILITY or FITNESS FOR A PARTICULAR PURPOSE.

configure:1961: $? = 0
configure:1963: cc -v </dev/null >&5
Using built-in specs.
Target: i686-apple-darwin9
Configured with: /var/tmp/gcc/gcc-5490~1/src/configure --disable-checking -enable-werror --prefix=/usr --mandir=/share/man --enable-languages=c,objc,c++,obj-c++ --program-transform-name=/^[cg][^.-]*$/s/$/-4.0/ --with-gxx-include-dir=/include/c++/4.0.0 --with-slibdir=/usr/lib --build=i686-apple-darwin9 --with-arch=apple --with-tune=generic --host=i686-apple-darwin9 --target=i686-apple-darwin9
Thread model: posix
gcc version 4.0.1 (Apple Inc. build 5490)
configure:1966: $? = 0
configure:1968: cc -V </dev/null >&5
gcc-4.0: argument to `-V' is missing
configure:1971: $? = 1
configure:1994: checking for C compiler default output file name
configure:1997: cc    conftest.c  >&5
configure:2000: $? = 0
configure:2046: result: a.out
configure:2051: checking whether the C compiler works
configure:2057: ./a.out
configure:2060: $? = 0
configure:2077: result: yes
configure:2084: checking whether we are cross compiling
configure:2086: result: no
configure:2089: checking for suffix of executables
configure:2091: cc -o conftest    conftest.c  >&5
configure:2094: $? = 0
configure:2119: result: 
configure:2125: checking for suffix of object files
configure:2146: cc -c   conftest.c >&5
configure:2149: $? = 0
configure:2171: result: o
configure:2175: checking whether we are using the GNU C compiler
configure:2199: cc -c   conftest.c >&5
configure:2205: $? = 0
configure:2209: test -z 
			 || test ! -s conftest.err
configure:2212: $? = 0
configure:2215: test -s conftest.o
configure:2218: $? = 0
configure:2231: result: yes
configure:2237: checking whether cc accepts -g
configure:2258: cc -c -g  conftest.c >&5
configure:2264: $? = 0
configure:2268: test -z 
			 || test ! -s conftest.err
configure:2271: $? = 0
configure:2274: test -s conftest.o
configure:2277: $? = 0
configure:2288: result: yes
configure:2305: checking for cc option to accept ANSI C
configure:2375: cc  -c -g -O2  conftest.c >&5
configure:2381: $? = 0
configure:2385: test -z 
			 || test ! -s conftest.err
configure:2388: $? = 0
configure:2391: test -s conftest.o
configure:2394: $? = 0
configure:2412: result: none needed
configure:2430: cc -c -g -O2  conftest.c >&5
conftest.c:2: error: syntax error before 'me'
configure:2436: $? = 1
configure: failed program was:
| #ifndef __cplusplus
|   choke me
| #endif
configure:2851: cc -o conftest -O3 -fomit-frame-pointer -pipe -DNDEBUG -pedantic-errors -Wimplicit -Wparentheses -Wsequence-point -Wreturn-type -Wcast-qual -Wall     conftest.c  >&5
configure:2857: $? = 0
configure:2861: test -z 
			 || test ! -s conftest.err
configure:2864: $? = 0
configure:2867: test -s conftest
configure:2870: $? = 0
configure:2937: C compiler options are: -O3 -fomit-frame-pointer -pipe -DNDEBUG -pedantic-errors -Wimplicit -Wparentheses -Wsequence-point -Wreturn-type -Wcast-qual -Wall  
configure:3049: checking for g++
configure:3065: found /usr/bin/g++
configure:3075: result: g++
configure:3091: checking for C++ compiler version
configure:3094: g++ --version </dev/null >&5
i686-apple-darwin9-g++-4.0.1 (GCC) 4.0.1 (Apple Inc. build 5490)
Copyright (C) 2005 Free Software Foundation, Inc.
This is free software; see the source for copying conditions.  There is NO
warranty; not even for MERCHANTABILITY or FITNESS FOR A PARTICULAR PURPOSE.

configure:3097: $? = 0
configure:3099: g++ -v </dev/null >&5
Using built-in specs.
Target: i686-apple-darwin9
Configured with: /var/tmp/gcc/gcc-5490~1/src/configure --disable-checking -enable-werror --prefix=/usr --mandir=/share/man --enable-languages=c,objc,c++,obj-c++ --program-transform-name=/^[cg][^.-]*$/s/$/-4.0/ --with-gxx-include-dir=/include/c++/4.0.0 --with-slibdir=/usr/lib --build=i686-apple-darwin9 --with-arch=apple --with-tune=generic --host=i686-apple-darwin9 --target=i686-apple-darwin9
Thread model: posix
gcc version 4.0.1 (Apple Inc. build 5490)
configure:3102: $? = 0
configure:3104: g++ -V </dev/null >&5
g++-4.0: argument to `-V' is missing
configure:3107: $? = 1
configure:3110: checking whether we are using the GNU C++ compiler
configure:3134: g++ -c   conftest.cc >&5
configure:3140: $? = 0
configure:3144: test -z 
			 || test ! -s conftest.err
configure:3147: $? = 0
configure:3150: test -s conftest.o
configure:3153: $? = 0
configure:3166: result: yes
configure:3172: checking whether g++ accepts -g
configure:3193: g++ -c -g  conftest.cc >&5
configure:3199: $? = 0
configure:3203: test -z 
			 || test ! -s conftest.err
configure:3206: $? = 0
configure:3209: test -s conftest.o
configure:3212: $? = 0
configure:3223: result: yes
configure:3265: g++ -c -g -O2  conftest.cc >&5
configure:3271: $? = 0
configure:3275: test -z 
			 || test ! -s conftest.err
configure:3278: $? = 0
configure:3281: test -s conftest.o
configure:3284: $? = 0
configure:3310: g++ -c -g -O2  conftest.cc >&5
conftest.cc: In function 'int main()':
conftest.cc:15: error: 'exit' was not declared in this scope
configure:3316: $? = 1
configure: failed program was:
| /* confdefs.h.  */
| 
| #define PACKAGE_NAME "CoinUtils"
| #define PACKAGE_TARNAME "coinutils"
| #define PACKAGE_VERSION "0.1"
| #define PACKAGE_STRING "CoinUtils 0.1"
| #define PACKAGE_BUGREPORT "http://projects.coin-or.org/CoinUtils"
| #define COIN_COINUTILS_VERBOSITY 0
| #define COIN_COINUTILS_CHECKLEVEL 0
| /* end confdefs.h.  */
| 
| int
| main ()
| {
| exit (42);
|   ;
|   return 0;
| }
configure:3265: g++ -c -g -O2  conftest.cc >&5
/usr/include/stdlib.h:159: error: declaration of 'void std::exit(int)' throws different exceptions
conftest.cc:11: error: than previous declaration 'void std::exit(int) throw ()'
configure:3271: $? = 1
configure: failed program was:
| /* confdefs.h.  */
| 
| #define PACKAGE_NAME "CoinUtils"
| #define PACKAGE_TARNAME "coinutils"
| #define PACKAGE_VERSION "0.1"
| #define PACKAGE_STRING "CoinUtils 0.1"
| #define PACKAGE_BUGREPORT "http://projects.coin-or.org/CoinUtils"
| #define COIN_COINUTILS_VERBOSITY 0
| #define COIN_COINUTILS_CHECKLEVEL 0
| /* end confdefs.h.  */
| extern "C" void std::exit (int) throw (); using std::exit;
| #include <stdlib.h>
| int
| main ()
| {
| exit (42);
|   ;
|   return 0;
| }
configure:3265: g++ -c -g -O2  conftest.cc >&5
configure:3271: $? = 0
configure:3275: test -z 
			 || test ! -s conftest.err
configure:3278: $? = 0
configure:3281: test -s conftest.o
configure:3284: $? = 0
configure:3310: g++ -c -g -O2  conftest.cc >&5
configure:3316: $? = 0
configure:3320: test -z 
			 || test ! -s conftest.err
configure:3323: $? = 0
configure:3326: test -s conftest.o
configure:3329: $? = 0
configure:3630: g++ -o conftest -O3 -fomit-frame-pointer -pipe -DNDEBUG -pedantic-errors -Wimplicit -Wparentheses -Wreturn-type -Wcast-qual -Wall -Wpointer-arith -Wwrite-strings -Wconversion     conftest.cc  >&5
configure:3636: $? = 0
configure:3640: test -z 
			 || test ! -s conftest.err
configure:3643: $? = 0
configure:3646: test -s conftest
configure:3649: $? = 0
configure:3716: C++ compiler options are: -O3 -fomit-frame-pointer -pipe -DNDEBUG -pedantic-errors -Wimplicit -Wparentheses -Wreturn-type -Wcast-qual -Wall -Wpointer-arith -Wwrite-strings -Wconversion  
configure:3800: checking for egrep
configure:3810: result: grep -E
configure:3829: checking for a BSD-compatible install
configure:3884: result: /usr/bin/install -c
configure:3895: checking whether build environment is sane
configure:3938: result: yes
configure:4003: checking for gawk
configure:4019: found /opt/local/bin/gawk
configure:4029: result: gawk
configure:4039: checking whether make sets $(MAKE)
configure:4059: result: yes
configure:4089: checking for style of include used by make
configure:4117: result: GNU
configure:4157: checking for dlfcn.h
configure:4173: cc -c -O3 -fomit-frame-pointer -pipe -DNDEBUG -pedantic-errors -Wimplicit -Wparentheses -Wsequence-point -Wreturn-type -Wcast-qual -Wall    conftest.c >&5
configure:4179: $? = 0
configure:4183: test -z 
			 || test ! -s conftest.err
configure:4186: $? = 0
configure:4189: test -s conftest.o
configure:4192: $? = 0
configure:4203: result: yes
configure:4270: checking host system type
configure:4284: result: i386-apple-darwin9.8.0
configure:4292: checking for a sed that does not truncate output
configure:4346: result: /opt/local/bin/gsed
configure:4360: checking for ld used by cc
configure:4427: result: /usr/libexec/gcc/i686-apple-darwin9/4.0.1/ld
configure:4436: checking if the linker (/usr/libexec/gcc/i686-apple-darwin9/4.0.1/ld) is GNU ld
configure:4451: result: no
configure:4456: checking for /usr/libexec/gcc/i686-apple-darwin9/4.0.1/ld option to reload object files
configure:4463: result: -r
configure:4481: checking for BSD-compatible nm
configure:4530: result: /usr/bin/nm -p
configure:4534: checking whether ln -s works
configure:4538: result: yes
configure:4545: checking how to recognise dependent libraries
configure:4721: result: pass_all
configure:4957: checking how to run the C preprocessor
configure:4992: cc -E  conftest.c
configure:4998: $? = 0
configure:5030: cc -E  conftest.c
conftest.c:15:28: error: ac_nonexistent.h: No such file or directory
configure:5036: $? = 1
configure: failed program was:
| /* confdefs.h.  */
| 
| #define PACKAGE_NAME "CoinUtils"
| #define PACKAGE_TARNAME "coinutils"
| #define PACKAGE_VERSION "0.1"
| #define PACKAGE_STRING "CoinUtils 0.1"
| #define PACKAGE_BUGREPORT "http://projects.coin-or.org/CoinUtils"
| #define COIN_COINUTILS_VERBOSITY 0
| #define COIN_COINUTILS_CHECKLEVEL 0
| #ifdef __cplusplus
| extern "C" void std::exit (int); using std::exit;
| #endif
| #define HAVE_DLFCN_H 1
| /* end confdefs.h.  */
| #include <ac_nonexistent.h>
configure:5075: result: cc -E
configure:5099: cc -E  conftest.c
configure:5105: $? = 0
configure:5137: cc -E  conftest.c
conftest.c:15:28: error: ac_nonexistent.h: No such file or directory
configure:5143: $? = 1
configure: failed program was:
| /* confdefs.h.  */
| 
| #define PACKAGE_NAME "CoinUtils"
| #define PACKAGE_TARNAME "coinutils"
| #define PACKAGE_VERSION "0.1"
| #define PACKAGE_STRING "CoinUtils 0.1"
| #define PACKAGE_BUGREPORT "http://projects.coin-or.org/CoinUtils"
| #define COIN_COINUTILS_VERBOSITY 0
| #define COIN_COINUTILS_CHECKLEVEL 0
| #ifdef __cplusplus
| extern "C" void std::exit (int); using std::exit;
| #endif
| #define HAVE_DLFCN_H 1
| /* end confdefs.h.  */
| #include <ac_nonexistent.h>
configure:5187: checking for ANSI C header files
configure:5212: cc -c -O3 -fomit-frame-pointer -pipe -DNDEBUG -pedantic-errors -Wimplicit -Wparentheses -Wsequence-point -Wreturn-type -Wcast-qual -Wall    conftest.c >&5
In file included from /usr/include/i386/_structs.h:38,
                 from /usr/include/machine/_structs.h:31,
                 from /usr/include/sys/_structs.h:57,
                 from /usr/include/sys/signal.h:154,
                 from /usr/include/sys/wait.h:116,
                 from /usr/include/stdlib.h:65,
                 from conftest.c:15:
/usr/include/mach/i386/_structs.h:91: error: type of bit-field '__invalid' is a GCC extension
/usr/include/mach/i386/_structs.h:92: error: type of bit-field '__denorm' is a GCC extension
/usr/include/mach/i386/_structs.h:93: error: type of bit-field '__zdiv' is a GCC extension
/usr/include/mach/i386/_structs.h:94: error: type of bit-field '__ovrfl' is a GCC extension
/usr/include/mach/i386/_structs.h:95: error: type of bit-field '__undfl' is a GCC extension
/usr/include/mach/i386/_structs.h:96: error: type of bit-field '__precis' is a GCC extension
/usr/include/mach/i386/_structs.h:97: error: type of bit-field '<anonymous>' is a GCC extension
/usr/include/mach/i386/_structs.h:98: error: type of bit-field '__pc' is a GCC extension
/usr/include/mach/i386/_structs.h:104: error: type of bit-field '__rc' is a GCC extension
/usr/include/mach/i386/_structs.h:111: error: type of bit-field '<anonymous>' is a GCC extension
/usr/include/mach/i386/_structs.h:112: error: type of bit-field '<anonymous>' is a GCC extension
/usr/include/mach/i386/_structs.h:149: error: type of bit-field '__invalid' is a GCC extension
/usr/include/mach/i386/_structs.h:150: error: type of bit-field '__denorm' is a GCC extension
/usr/include/mach/i386/_structs.h:151: error: type of bit-field '__zdiv' is a GCC extension
/usr/include/mach/i386/_structs.h:152: error: type of bit-field '__ovrfl' is a GCC extension
/usr/include/mach/i386/_structs.h:153: error: type of bit-field '__undfl' is a GCC extension
/usr/include/mach/i386/_structs.h:154: error: type of bit-field '__precis' is a GCC extension
/usr/include/mach/i386/_structs.h:155: error: type of bit-field '__stkflt' is a GCC extension
/usr/include/mach/i386/_structs.h:156: error: type of bit-field '__errsumm' is a GCC extension
/usr/include/mach/i386/_structs.h:157: error: type of bit-field '__c0' is a GCC extension
/usr/include/mach/i386/_structs.h:158: error: type of bit-field '__c1' is a GCC extension
/usr/include/mach/i386/_structs.h:159: error: type of bit-field '__c2' is a GCC extension
/usr/include/mach/i386/_structs.h:160: error: type of bit-field '__tos' is a GCC extension
/usr/include/mach/i386/_structs.h:161: error: type of bit-field '__c3' is a GCC extension
/usr/include/mach/i386/_structs.h:162: error: type of bit-field '__busy' is a GCC extension
configure:5218: $? = 1
configure: failed program was:
| /* confdefs.h.  */
| 
| #define PACKAGE_NAME "CoinUtils"
| #define PACKAGE_TARNAME "coinutils"
| #define PACKAGE_VERSION "0.1"
| #define PACKAGE_STRING "CoinUtils 0.1"
| #define PACKAGE_BUGREPORT "http://projects.coin-or.org/CoinUtils"
| #define COIN_COINUTILS_VERBOSITY 0
| #define COIN_COINUTILS_CHECKLEVEL 0
| #ifdef __cplusplus
| extern "C" void std::exit (int); using std::exit;
| #endif
| #define HAVE_DLFCN_H 1
| /* end confdefs.h.  */
| #include <stdlib.h>
| #include <stdarg.h>
| #include <string.h>
| #include <float.h>
| 
| int
| main ()
| {
| 
|   ;
|   return 0;
| }
configure:5343: result: no
configure:5367: checking for sys/types.h
configure:5383: cc -c -O3 -fomit-frame-pointer -pipe -DNDEBUG -pedantic-errors -Wimplicit -Wparentheses -Wsequence-point -Wreturn-type -Wcast-qual -Wall    conftest.c >&5
configure:5389: $? = 0
configure:5393: test -z 
			 || test ! -s conftest.err
configure:5396: $? = 0
configure:5399: test -s conftest.o
configure:5402: $? = 0
configure:5413: result: yes
configure:5367: checking for sys/stat.h
configure:5383: cc -c -O3 -fomit-frame-pointer -pipe -DNDEBUG -pedantic-errors -Wimplicit -Wparentheses -Wsequence-point -Wreturn-type -Wcast-qual -Wall    conftest.c >&5
configure:5389: $? = 0
configure:5393: test -z 
			 || test ! -s conftest.err
configure:5396: $? = 0
configure:5399: test -s conftest.o
configure:5402: $? = 0
configure:5413: result: yes
configure:5367: checking for stdlib.h
configure:5383: cc -c -O3 -fomit-frame-pointer -pipe -DNDEBUG -pedantic-errors -Wimplicit -Wparentheses -Wsequence-point -Wreturn-type -Wcast-qual -Wall    conftest.c >&5
In file included from /usr/include/i386/_structs.h:38,
                 from /usr/include/machine/_structs.h:31,
                 from /usr/include/sys/_structs.h:57,
                 from /usr/include/sys/signal.h:154,
                 from /usr/include/sys/wait.h:116,
                 from /usr/include/stdlib.h:65,
                 from conftest.c:52:
/usr/include/mach/i386/_structs.h:91: error: type of bit-field '__invalid' is a GCC extension
/usr/include/mach/i386/_structs.h:92: error: type of bit-field '__denorm' is a GCC extension
/usr/include/mach/i386/_structs.h:93: error: type of bit-field '__zdiv' is a GCC extension
/usr/include/mach/i386/_structs.h:94: error: type of bit-field '__ovrfl' is a GCC extension
/usr/include/mach/i386/_structs.h:95: error: type of bit-field '__undfl' is a GCC extension
/usr/include/mach/i386/_structs.h:96: error: type of bit-field '__precis' is a GCC extension
/usr/include/mach/i386/_structs.h:97: error: type of bit-field '<anonymous>' is a GCC extension
/usr/include/mach/i386/_structs.h:98: error: type of bit-field '__pc' is a GCC extension
/usr/include/mach/i386/_structs.h:104: error: type of bit-field '__rc' is a GCC extension
/usr/include/mach/i386/_structs.h:111: error: type of bit-field '<anonymous>' is a GCC extension
/usr/include/mach/i386/_structs.h:112: error: type of bit-field '<anonymous>' is a GCC extension
/usr/include/mach/i386/_structs.h:149: error: type of bit-field '__invalid' is a GCC extension
/usr/include/mach/i386/_structs.h:150: error: type of bit-field '__denorm' is a GCC extension
/usr/include/mach/i386/_structs.h:151: error: type of bit-field '__zdiv' is a GCC extension
/usr/include/mach/i386/_structs.h:152: error: type of bit-field '__ovrfl' is a GCC extension
/usr/include/mach/i386/_structs.h:153: error: type of bit-field '__undfl' is a GCC extension
/usr/include/mach/i386/_structs.h:154: error: type of bit-field '__precis' is a GCC extension
/usr/include/mach/i386/_structs.h:155: error: type of bit-field '__stkflt' is a GCC extension
/usr/include/mach/i386/_structs.h:156: error: type of bit-field '__errsumm' is a GCC extension
/usr/include/mach/i386/_structs.h:157: error: type of bit-field '__c0' is a GCC extension
/usr/include/mach/i386/_structs.h:158: error: type of bit-field '__c1' is a GCC extension
/usr/include/mach/i386/_structs.h:159: error: type of bit-field '__c2' is a GCC extension
/usr/include/mach/i386/_structs.h:160: error: type of bit-field '__tos' is a GCC extension
/usr/include/mach/i386/_structs.h:161: error: type of bit-field '__c3' is a GCC extension
/usr/include/mach/i386/_structs.h:162: error: type of bit-field '__busy' is a GCC extension
configure:5389: $? = 1
configure: failed program was:
| /* confdefs.h.  */
| 
| #define PACKAGE_NAME "CoinUtils"
| #define PACKAGE_TARNAME "coinutils"
| #define PACKAGE_VERSION "0.1"
| #define PACKAGE_STRING "CoinUtils 0.1"
| #define PACKAGE_BUGREPORT "http://projects.coin-or.org/CoinUtils"
| #define COIN_COINUTILS_VERBOSITY 0
| #define COIN_COINUTILS_CHECKLEVEL 0
| #ifdef __cplusplus
| extern "C" void std::exit (int); using std::exit;
| #endif
| #define HAVE_DLFCN_H 1
| #define HAVE_SYS_TYPES_H 1
| #define HAVE_SYS_STAT_H 1
| /* end confdefs.h.  */
| #include <stdio.h>
| #if HAVE_SYS_TYPES_H
| # include <sys/types.h>
| #endif
| #if HAVE_SYS_STAT_H
| # include <sys/stat.h>
| #endif
| #if STDC_HEADERS
| # include <stdlib.h>
| # include <stddef.h>
| #else
| # if HAVE_STDLIB_H
| #  include <stdlib.h>
| # endif
| #endif
| #if HAVE_STRING_H
| # if !STDC_HEADERS && HAVE_MEMORY_H
| #  include <memory.h>
| # endif
| # include <string.h>
| #endif
| #if HAVE_STRINGS_H
| # include <strings.h>
| #endif
| #if HAVE_INTTYPES_H
| # include <inttypes.h>
| #else
| # if HAVE_STDINT_H
| #  include <stdint.h>
| # endif
| #endif
| #if HAVE_UNISTD_H
| # include <unistd.h>
| #endif
| 
| #include <stdlib.h>
configure:5413: result: no
configure:5367: checking for string.h
configure:5383: cc -c -O3 -fomit-frame-pointer -pipe -DNDEBUG -pedantic-errors -Wimplicit -Wparentheses -Wsequence-point -Wreturn-type -Wcast-qual -Wall    conftest.c >&5
configure:5389: $? = 0
configure:5393: test -z 
			 || test ! -s conftest.err
configure:5396: $? = 0
configure:5399: test -s conftest.o
configure:5402: $? = 0
configure:5413: result: yes
configure:5367: checking for memory.h
configure:5383: cc -c -O3 -fomit-frame-pointer -pipe -DNDEBUG -pedantic-errors -Wimplicit -Wparentheses -Wsequence-point -Wreturn-type -Wcast-qual -Wall    conftest.c >&5
configure:5389: $? = 0
configure:5393: test -z 
			 || test ! -s conftest.err
configure:5396: $? = 0
configure:5399: test -s conftest.o
configure:5402: $? = 0
configure:5413: result: yes
configure:5367: checking for strings.h
configure:5383: cc -c -O3 -fomit-frame-pointer -pipe -DNDEBUG -pedantic-errors -Wimplicit -Wparentheses -Wsequence-point -Wreturn-type -Wcast-qual -Wall    conftest.c >&5
configure:5389: $? = 0
configure:5393: test -z 
			 || test ! -s conftest.err
configure:5396: $? = 0
configure:5399: test -s conftest.o
configure:5402: $? = 0
configure:5413: result: yes
configure:5367: checking for inttypes.h
configure:5383: cc -c -O3 -fomit-frame-pointer -pipe -DNDEBUG -pedantic-errors -Wimplicit -Wparentheses -Wsequence-point -Wreturn-type -Wcast-qual -Wall    conftest.c >&5
configure:5389: $? = 0
configure:5393: test -z 
			 || test ! -s conftest.err
configure:5396: $? = 0
configure:5399: test -s conftest.o
configure:5402: $? = 0
configure:5413: result: yes
configure:5367: checking for stdint.h
configure:5383: cc -c -O3 -fomit-frame-pointer -pipe -DNDEBUG -pedantic-errors -Wimplicit -Wparentheses -Wsequence-point -Wreturn-type -Wcast-qual -Wall    conftest.c >&5
configure:5389: $? = 0
configure:5393: test -z 
			 || test ! -s conftest.err
configure:5396: $? = 0
configure:5399: test -s conftest.o
configure:5402: $? = 0
configure:5413: result: yes
configure:5367: checking for unistd.h
configure:5383: cc -c -O3 -fomit-frame-pointer -pipe -DNDEBUG -pedantic-errors -Wimplicit -Wparentheses -Wsequence-point -Wreturn-type -Wcast-qual -Wall    conftest.c >&5
configure:5389: $? = 0
configure:5393: test -z 
			 || test ! -s conftest.err
configure:5396: $? = 0
configure:5399: test -s conftest.o
configure:5402: $? = 0
configure:5413: result: yes
configure:5430: checking for dlfcn.h
configure:5435: result: yes
configure:5585: checking how to run the C++ preprocessor
configure:5616: g++ -E  conftest.cc
configure:5622: $? = 0
configure:5654: g++ -E  conftest.cc
conftest.cc:24:28: error: ac_nonexistent.h: No such file or directory
configure:5660: $? = 1
configure: failed program was:
| /* confdefs.h.  */
| 
| #define PACKAGE_NAME "CoinUtils"
| #define PACKAGE_TARNAME "coinutils"
| #define PACKAGE_VERSION "0.1"
| #define PACKAGE_STRING "CoinUtils 0.1"
| #define PACKAGE_BUGREPORT "http://projects.coin-or.org/CoinUtils"
| #define COIN_COINUTILS_VERBOSITY 0
| #define COIN_COINUTILS_CHECKLEVEL 0
| #ifdef __cplusplus
| extern "C" void std::exit (int); using std::exit;
| #endif
| #define HAVE_DLFCN_H 1
| #define HAVE_SYS_TYPES_H 1
| #define HAVE_SYS_STAT_H 1
| #define HAVE_STRING_H 1
| #define HAVE_MEMORY_H 1
| #define HAVE_STRINGS_H 1
| #define HAVE_INTTYPES_H 1
| #define HAVE_STDINT_H 1
| #define HAVE_UNISTD_H 1
| #define HAVE_DLFCN_H 1
| /* end confdefs.h.  */
| #include <ac_nonexistent.h>
configure:5699: result: g++ -E
configure:5723: g++ -E  conftest.cc
configure:5729: $? = 0
configure:5761: g++ -E  conftest.cc
conftest.cc:24:28: error: ac_nonexistent.h: No such file or directory
configure:5767: $? = 1
configure: failed program was:
| /* confdefs.h.  */
| 
| #define PACKAGE_NAME "CoinUtils"
| #define PACKAGE_TARNAME "coinutils"
| #define PACKAGE_VERSION "0.1"
| #define PACKAGE_STRING "CoinUtils 0.1"
| #define PACKAGE_BUGREPORT "http://projects.coin-or.org/CoinUtils"
| #define COIN_COINUTILS_VERBOSITY 0
| #define COIN_COINUTILS_CHECKLEVEL 0
| #ifdef __cplusplus
| extern "C" void std::exit (int); using std::exit;
| #endif
| #define HAVE_DLFCN_H 1
| #define HAVE_SYS_TYPES_H 1
| #define HAVE_SYS_STAT_H 1
| #define HAVE_STRING_H 1
| #define HAVE_MEMORY_H 1
| #define HAVE_STRINGS_H 1
| #define HAVE_INTTYPES_H 1
| #define HAVE_STDINT_H 1
| #define HAVE_UNISTD_H 1
| #define HAVE_DLFCN_H 1
| /* end confdefs.h.  */
| #include <ac_nonexistent.h>
configure:5863: checking for g77
configure:5892: result: no
configure:5863: checking for f77
configure:5892: result: no
configure:5863: checking for xlf
configure:5892: result: no
configure:5863: checking for frt
configure:5892: result: no
configure:5863: checking for pgf77
configure:5892: result: no
configure:5863: checking for fort77
configure:5892: result: no
configure:5863: checking for fl32
configure:5892: result: no
configure:5863: checking for af77
configure:5892: result: no
configure:5863: checking for f90
configure:5892: result: no
configure:5863: checking for xlf90
configure:5892: result: no
configure:5863: checking for pgf90
configure:5892: result: no
configure:5863: checking for epcf90
configure:5892: result: no
configure:5863: checking for f95
configure:5892: result: no
configure:5863: checking for fort
configure:5892: result: no
configure:5863: checking for xlf95
configure:5892: result: no
configure:5863: checking for ifc
configure:5892: result: no
configure:5863: checking for efc
configure:5892: result: no
configure:5863: checking for pgf95
configure:5892: result: no
configure:5863: checking for lf95
configure:5892: result: no
configure:5863: checking for gfortran
configure:5892: result: no
configure:5904: checking for Fortran 77 compiler version
configure:5907:  --version </dev/null >&5
./configure: line 5908: --version: command not found
configure:5910: $? = 127
configure:5912:  -v </dev/null >&5
./configure: line 5913: -v: command not found
configure:5915: $? = 127
configure:5917:  -V </dev/null >&5
./configure: line 5918: -V: command not found
configure:5920: $? = 127
configure:5928: checking whether we are using the GNU Fortran 77 compiler
configure:5942:  -c  conftest.F >&5
./configure: line 5943: -c: command not found
configure:5948: $? = 127
configure: failed program was:
|       program main
| #ifndef __GNUC__
|        choke me
| #endif
| 
|       end
configure:5974: result: no
configure:5980: checking whether  accepts -g
configure:5992:  -c -g conftest.f >&5
./configure: line 5993: -c: command not found
configure:5998: $? = 127
configure: failed program was:
|       program main
| 
|       end
configure:6023: result: no
configure:6053: checking the maximum length of command line arguments
configure:6162: result: 196608
configure:6173: checking command to parse /usr/bin/nm -p output from cc object
configure:6278: cc -c -O3 -fomit-frame-pointer -pipe -DNDEBUG -pedantic-errors -Wimplicit -Wparentheses -Wsequence-point -Wreturn-type -Wcast-qual -Wall    conftest.c >&5
configure:6281: $? = 0
configure:6285: /usr/bin/nm -p conftest.o \| sed -n -e 's/^.*[ 	]\([BCDEGRST][BCDEGRST]*\)[ 	][ 	]*\([_A-Za-z][_A-Za-z0-9]*\)$/\1 \2 \2/p' \> conftest.nm
configure:6288: $? = 0
cannot find nm_test_var in conftest.nm
configure:6278: cc -c -O3 -fomit-frame-pointer -pipe -DNDEBUG -pedantic-errors -Wimplicit -Wparentheses -Wsequence-point -Wreturn-type -Wcast-qual -Wall    conftest.c >&5
configure:6281: $? = 0
configure:6285: /usr/bin/nm -p conftest.o \| sed -n -e 's/^.*[ 	]\([BCDEGRST][BCDEGRST]*\)[ 	][ 	]*_\([_A-Za-z][_A-Za-z0-9]*\)$/\1 _\2 \2/p' \> conftest.nm
configure:6288: $? = 0
configure:6340: cc -o conftest -O3 -fomit-frame-pointer -pipe -DNDEBUG -pedantic-errors -Wimplicit -Wparentheses -Wsequence-point -Wreturn-type -Wcast-qual -Wall     conftest.c conftstm.o >&5
configure:6343: $? = 0
configure:6381: result: ok
configure:6385: checking for objdir
configure:6400: result: .libs
configure:6490: checking for ar
configure:6506: found /usr/bin/ar
configure:6517: result: ar
configure:6570: checking for ranlib
configure:6586: found /usr/bin/ranlib
configure:6597: result: ranlib
configure:6650: checking for strip
configure:6666: found /usr/bin/strip
configure:6677: result: strip
configure:6953: checking if cc supports -fno-rtti -fno-exceptions
configure:6971: cc -c -O3 -fomit-frame-pointer -pipe -DNDEBUG -pedantic-errors -Wimplicit -Wparentheses -Wsequence-point -Wreturn-type -Wcast-qual -Wall    -fno-rtti -fno-exceptions conftest.c >&5
cc1: warning: command line option "-fno-rtti" is valid for C++/ObjC++ but not for C
configure:6975: $? = 0
configure:6988: result: no
configure:7003: checking for cc option to produce PIC
configure:7213: result: -fno-common
configure:7221: checking if cc PIC flag -fno-common works
configure:7239: cc -c -O3 -fomit-frame-pointer -pipe -DNDEBUG -pedantic-errors -Wimplicit -Wparentheses -Wsequence-point -Wreturn-type -Wcast-qual -Wall    -fno-common -DPIC conftest.c >&5
configure:7243: $? = 0
configure:7256: result: yes
configure:7284: checking if cc static flag -static works
configure:7312: result: no
configure:7322: checking if cc supports -c -o file.o
configure:7343: cc -c -O3 -fomit-frame-pointer -pipe -DNDEBUG -pedantic-errors -Wimplicit -Wparentheses -Wsequence-point -Wreturn-type -Wcast-qual -Wall    -o out/conftest2.o conftest.c >&5
configure:7347: $? = 0
configure:7369: result: yes
configure:7395: checking whether the cc linker (/usr/libexec/gcc/i686-apple-darwin9/4.0.1/ld) supports shared libraries
configure:8353: result: yes
configure:8420: checking dynamic linker characteristics
configure:9008: result: darwin9.8.0 dyld
configure:9017: checking how to hardcode library paths into programs
configure:9042: result: immediate
configure:9056: checking whether stripping libraries is possible
configure:9069: result: yes
configure:9895: checking if libtool supports shared libraries
configure:9897: result: yes
configure:9900: checking whether to build shared libraries
configure:9921: result: yes
configure:9924: checking whether to build static libraries
configure:9928: result: no
configure:10020: creating libtool
configure:10608: checking for ld used by g++
configure:10675: result: /usr/libexec/gcc/i686-apple-darwin9/4.0.1/ld
configure:10684: checking if the linker (/usr/libexec/gcc/i686-apple-darwin9/4.0.1/ld) is GNU ld
configure:10699: result: no
configure:10750: checking whether the g++ linker (/usr/libexec/gcc/i686-apple-darwin9/4.0.1/ld) supports shared libraries
configure:11688: result: yes
configure:11710: g++ -c -O3 -fomit-frame-pointer -pipe -DNDEBUG -pedantic-errors -Wimplicit -Wparentheses -Wreturn-type -Wcast-qual -Wall -Wpointer-arith -Wwrite-strings -Wconversion    conftest.cpp >&5
configure:11713: $? = 0
configure:11832: checking for g++ option to produce PIC
configure:12106: result: -fno-common
configure:12114: checking if g++ PIC flag -fno-common works
configure:12132: g++ -c -O3 -fomit-frame-pointer -pipe -DNDEBUG -pedantic-errors -Wimplicit -Wparentheses -Wreturn-type -Wcast-qual -Wall -Wpointer-arith -Wwrite-strings -Wconversion    -fno-common -DPIC conftest.cpp >&5
configure:12136: $? = 0
configure:12149: result: yes
configure:12177: checking if g++ static flag -static works
configure:12205: result: no
configure:12215: checking if g++ supports -c -o file.o
configure:12236: g++ -c -O3 -fomit-frame-pointer -pipe -DNDEBUG -pedantic-errors -Wimplicit -Wparentheses -Wreturn-type -Wcast-qual -Wall -Wpointer-arith -Wwrite-strings -Wconversion    -o out/conftest2.o conftest.cpp >&5
configure:12240: $? = 0
configure:12262: result: yes
configure:12288: checking whether the g++ linker (/usr/libexec/gcc/i686-apple-darwin9/4.0.1/ld) supports shared libraries
configure:12313: result: yes
configure:12380: checking dynamic linker characteristics
configure:12968: result: darwin9.8.0 dyld
configure:12977: checking how to hardcode library paths into programs
configure:13002: result: immediate
configure:19306: checking dependency style of cc
configure:19396: result: gcc3
configure:19415: checking dependency style of g++
configure:19505: result: gcc3
configure:19523: checking whether to enable maintainer-specific portions of Makefiles
configure:19532: result: no
configure:20074: checking for cmath
configure:20090: g++ -c -O3 -fomit-frame-pointer -pipe -DNDEBUG -pedantic-errors -Wimplicit -Wparentheses -Wreturn-type -Wcast-qual -Wall -Wpointer-arith -Wwrite-strings -Wconversion    conftest.cc >&5
configure:20096: $? = 0
configure:20100: test -z 
			 || test ! -s conftest.err
configure:20103: $? = 0
configure:20106: test -s conftest.o
configure:20109: $? = 0
configure:20120: result: yes
configure:20223: checking for cfloat
configure:20239: g++ -c -O3 -fomit-frame-pointer -pipe -DNDEBUG -pedantic-errors -Wimplicit -Wparentheses -Wreturn-type -Wcast-qual -Wall -Wpointer-arith -Wwrite-strings -Wconversion    conftest.cc >&5
configure:20245: $? = 0
configure:20249: test -z 
			 || test ! -s conftest.err
configure:20252: $? = 0
configure:20255: test -s conftest.o
configure:20258: $? = 0
configure:20269: result: yes
configure:20372: checking for cieeefp
configure:20388: g++ -c -O3 -fomit-frame-pointer -pipe -DNDEBUG -pedantic-errors -Wimplicit -Wparentheses -Wreturn-type -Wcast-qual -Wall -Wpointer-arith -Wwrite-strings -Wconversion    conftest.cc >&5
conftest.cc:28:19: error: cieeefp: No such file or directory
configure:20394: $? = 1
configure: failed program was:
| /* confdefs.h.  */
| 
| #define PACKAGE_NAME "CoinUtils"
| #define PACKAGE_TARNAME "coinutils"
| #define PACKAGE_VERSION "0.1"
| #define PACKAGE_STRING "CoinUtils 0.1"
| #define PACKAGE_BUGREPORT "http://projects.coin-or.org/CoinUtils"
| #define COIN_COINUTILS_VERBOSITY 0
| #define COIN_COINUTILS_CHECKLEVEL 0
| #ifdef __cplusplus
| extern "C" void std::exit (int); using std::exit;
| #endif
| #define HAVE_DLFCN_H 1
| #define HAVE_SYS_TYPES_H 1
| #define HAVE_SYS_STAT_H 1
| #define HAVE_STRING_H 1
| #define HAVE_MEMORY_H 1
| #define HAVE_STRINGS_H 1
| #define HAVE_INTTYPES_H 1
| #define HAVE_STDINT_H 1
| #define HAVE_UNISTD_H 1
| #define HAVE_DLFCN_H 1
| #define PACKAGE "coinutils"
| #define VERSION "0.1"
| #define HAVE_CMATH 1
| #define HAVE_CFLOAT 1
| /* end confdefs.h.  */
| #include <cieeefp>
| 
| #include <cieeefp>
configure:20418: result: no
configure:20440: checking for ieeefp.h
configure:20456: g++ -c -O3 -fomit-frame-pointer -pipe -DNDEBUG -pedantic-errors -Wimplicit -Wparentheses -Wreturn-type -Wcast-qual -Wall -Wpointer-arith -Wwrite-strings -Wconversion    conftest.cc >&5
conftest.cc:28:20: error: ieeefp.h: No such file or directory
configure:20462: $? = 1
configure: failed program was:
| /* confdefs.h.  */
| 
| #define PACKAGE_NAME "CoinUtils"
| #define PACKAGE_TARNAME "coinutils"
| #define PACKAGE_VERSION "0.1"
| #define PACKAGE_STRING "CoinUtils 0.1"
| #define PACKAGE_BUGREPORT "http://projects.coin-or.org/CoinUtils"
| #define COIN_COINUTILS_VERBOSITY 0
| #define COIN_COINUTILS_CHECKLEVEL 0
| #ifdef __cplusplus
| extern "C" void std::exit (int); using std::exit;
| #endif
| #define HAVE_DLFCN_H 1
| #define HAVE_SYS_TYPES_H 1
| #define HAVE_SYS_STAT_H 1
| #define HAVE_STRING_H 1
| #define HAVE_MEMORY_H 1
| #define HAVE_STRINGS_H 1
| #define HAVE_INTTYPES_H 1
| #define HAVE_STDINT_H 1
| #define HAVE_UNISTD_H 1
| #define HAVE_DLFCN_H 1
| #define PACKAGE "coinutils"
| #define VERSION "0.1"
| #define HAVE_CMATH 1
| #define HAVE_CFLOAT 1
| /* end confdefs.h.  */
| #include <ieeefp.h>
| 
| #include <ieeefp.h>
configure:20486: result: no
configure:20515: checking whether finite is declared
configure:20561: g++ -c -O3 -fomit-frame-pointer -pipe -DNDEBUG -pedantic-errors -Wimplicit -Wparentheses -Wreturn-type -Wcast-qual -Wall -Wpointer-arith -Wwrite-strings -Wconversion    conftest.cc >&5
conftest.cc: In function 'int main()':
conftest.cc:55: warning: ISO C++ forbids casting between pointer-to-function and pointer-to-object
conftest.cc:55: warning: unused variable 'p'
configure:20567: $? = 0
configure:20571: test -z 
			 || test ! -s conftest.err
configure:20574: $? = 0
configure:20577: test -s conftest.o
configure:20580: $? = 0
configure:20591: result: yes
configure:20780: checking whether isnan is declared
configure:20826: g++ -c -O3 -fomit-frame-pointer -pipe -DNDEBUG -pedantic-errors -Wimplicit -Wparentheses -Wreturn-type -Wcast-qual -Wall -Wpointer-arith -Wwrite-strings -Wconversion    conftest.cc >&5
conftest.cc: In function 'int main()':
conftest.cc:56: error: 'isnan' was not declared in this scope
conftest.cc:56: warning: unused variable 'p'
configure:20832: $? = 1
configure: failed program was:
| /* confdefs.h.  */
| 
| #define PACKAGE_NAME "CoinUtils"
| #define PACKAGE_TARNAME "coinutils"
| #define PACKAGE_VERSION "0.1"
| #define PACKAGE_STRING "CoinUtils 0.1"
| #define PACKAGE_BUGREPORT "http://projects.coin-or.org/CoinUtils"
| #define COIN_COINUTILS_VERBOSITY 0
| #define COIN_COINUTILS_CHECKLEVEL 0
| #ifdef __cplusplus
| extern "C" void std::exit (int); using std::exit;
| #endif
| #define HAVE_DLFCN_H 1
| #define HAVE_SYS_TYPES_H 1
| #define HAVE_SYS_STAT_H 1
| #define HAVE_STRING_H 1
| #define HAVE_MEMORY_H 1
| #define HAVE_STRINGS_H 1
| #define HAVE_INTTYPES_H 1
| #define HAVE_STDINT_H 1
| #define HAVE_UNISTD_H 1
| #define HAVE_DLFCN_H 1
| #define PACKAGE "coinutils"
| #define VERSION "0.1"
| #define HAVE_CMATH 1
| #define HAVE_CFLOAT 1
| #define MY_C_FINITE finite
| /* end confdefs.h.  */
| 
| #ifdef HAVE_CMATH
| # include <cmath>
| #else
| # ifdef HAVE_MATH_H
| #  include <math.h>
| # endif
| #endif
| #ifdef HAVE_CFLOAT
| # include <cfloat>
| #else
| # ifdef HAVE_FLOAT_H
| #  include <float.h>
| # endif
| #endif
| #ifdef HAVE_CIEEEFP
| # include <cieeefp>
| #else
| # ifdef HAVE_IEEEFP_H
| #  include <ieeefp.h>
| # endif
| #endif
| 
| int
| main ()
| {
| #ifndef isnan
|   char *p = (char *) isnan;
| #endif
| 
|   ;
|   return 0;
| }
configure:20856: result: no
configure:20863: checking whether _isnan is declared
configure:20909: g++ -c -O3 -fomit-frame-pointer -pipe -DNDEBUG -pedantic-errors -Wimplicit -Wparentheses -Wreturn-type -Wcast-qual -Wall -Wpointer-arith -Wwrite-strings -Wconversion    conftest.cc >&5
conftest.cc: In function 'int main()':
conftest.cc:56: error: '_isnan' was not declared in this scope
conftest.cc:56: warning: unused variable 'p'
configure:20915: $? = 1
configure: failed program was:
| /* confdefs.h.  */
| 
| #define PACKAGE_NAME "CoinUtils"
| #define PACKAGE_TARNAME "coinutils"
| #define PACKAGE_VERSION "0.1"
| #define PACKAGE_STRING "CoinUtils 0.1"
| #define PACKAGE_BUGREPORT "http://projects.coin-or.org/CoinUtils"
| #define COIN_COINUTILS_VERBOSITY 0
| #define COIN_COINUTILS_CHECKLEVEL 0
| #ifdef __cplusplus
| extern "C" void std::exit (int); using std::exit;
| #endif
| #define HAVE_DLFCN_H 1
| #define HAVE_SYS_TYPES_H 1
| #define HAVE_SYS_STAT_H 1
| #define HAVE_STRING_H 1
| #define HAVE_MEMORY_H 1
| #define HAVE_STRINGS_H 1
| #define HAVE_INTTYPES_H 1
| #define HAVE_STDINT_H 1
| #define HAVE_UNISTD_H 1
| #define HAVE_DLFCN_H 1
| #define PACKAGE "coinutils"
| #define VERSION "0.1"
| #define HAVE_CMATH 1
| #define HAVE_CFLOAT 1
| #define MY_C_FINITE finite
| /* end confdefs.h.  */
| 
| #ifdef HAVE_CMATH
| # include <cmath>
| #else
| # ifdef HAVE_MATH_H
| #  include <math.h>
| # endif
| #endif
| #ifdef HAVE_CFLOAT
| # include <cfloat>
| #else
| # ifdef HAVE_FLOAT_H
| #  include <float.h>
| # endif
| #endif
| #ifdef HAVE_CIEEEFP
| # include <cieeefp>
| #else
| # ifdef HAVE_IEEEFP_H
| #  include <ieeefp.h>
| # endif
| #endif
| 
| int
| main ()
| {
| #ifndef _isnan
|   char *p = (char *) _isnan;
| #endif
| 
|   ;
|   return 0;
| }
configure:20939: result: no
configure:20947: checking whether isnand is declared
configure:20993: g++ -c -O3 -fomit-frame-pointer -pipe -DNDEBUG -pedantic-errors -Wimplicit -Wparentheses -Wreturn-type -Wcast-qual -Wall -Wpointer-arith -Wwrite-strings -Wconversion    conftest.cc >&5
conftest.cc: In function 'int main()':
conftest.cc:56: error: 'isnand' was not declared in this scope
conftest.cc:56: warning: unused variable 'p'
configure:20999: $? = 1
configure: failed program was:
| /* confdefs.h.  */
| 
| #define PACKAGE_NAME "CoinUtils"
| #define PACKAGE_TARNAME "coinutils"
| #define PACKAGE_VERSION "0.1"
| #define PACKAGE_STRING "CoinUtils 0.1"
| #define PACKAGE_BUGREPORT "http://projects.coin-or.org/CoinUtils"
| #define COIN_COINUTILS_VERBOSITY 0
| #define COIN_COINUTILS_CHECKLEVEL 0
| #ifdef __cplusplus
| extern "C" void std::exit (int); using std::exit;
| #endif
| #define HAVE_DLFCN_H 1
| #define HAVE_SYS_TYPES_H 1
| #define HAVE_SYS_STAT_H 1
| #define HAVE_STRING_H 1
| #define HAVE_MEMORY_H 1
| #define HAVE_STRINGS_H 1
| #define HAVE_INTTYPES_H 1
| #define HAVE_STDINT_H 1
| #define HAVE_UNISTD_H 1
| #define HAVE_DLFCN_H 1
| #define PACKAGE "coinutils"
| #define VERSION "0.1"
| #define HAVE_CMATH 1
| #define HAVE_CFLOAT 1
| #define MY_C_FINITE finite
| /* end confdefs.h.  */
| 
| #ifdef HAVE_CMATH
| # include <cmath>
| #else
| # ifdef HAVE_MATH_H
| #  include <math.h>
| # endif
| #endif
| #ifdef HAVE_CFLOAT
| # include <cfloat>
| #else
| # ifdef HAVE_FLOAT_H
| #  include <float.h>
| # endif
| #endif
| #ifdef HAVE_CIEEEFP
| # include <cieeefp>
| #else
| # ifdef HAVE_IEEEFP_H
| #  include <ieeefp.h>
| # endif
| #endif
| 
| int
| main ()
| {
| #ifndef isnand
|   char *p = (char *) isnand;
| #endif
| 
|   ;
|   return 0;
| }
configure:21023: result: no
configure:21031: WARNING: Cannot find C-function for checking NaN. Check will return false
configure:21060: checking for cinttypes
configure:21076: g++ -c -O3 -fomit-frame-pointer -pipe -DNDEBUG -pedantic-errors -Wimplicit -Wparentheses -Wreturn-type -Wcast-qual -Wall -Wpointer-arith -Wwrite-strings -Wconversion    conftest.cc >&5
conftest.cc:29:21: error: cinttypes: No such file or directory
configure:21082: $? = 1
configure: failed program was:
| /* confdefs.h.  */
| 
| #define PACKAGE_NAME "CoinUtils"
| #define PACKAGE_TARNAME "coinutils"
| #define PACKAGE_VERSION "0.1"
| #define PACKAGE_STRING "CoinUtils 0.1"
| #define PACKAGE_BUGREPORT "http://projects.coin-or.org/CoinUtils"
| #define COIN_COINUTILS_VERBOSITY 0
| #define COIN_COINUTILS_CHECKLEVEL 0
| #ifdef __cplusplus
| extern "C" void std::exit (int); using std::exit;
| #endif
| #define HAVE_DLFCN_H 1
| #define HAVE_SYS_TYPES_H 1
| #define HAVE_SYS_STAT_H 1
| #define HAVE_STRING_H 1
| #define HAVE_MEMORY_H 1
| #define HAVE_STRINGS_H 1
| #define HAVE_INTTYPES_H 1
| #define HAVE_STDINT_H 1
| #define HAVE_UNISTD_H 1
| #define HAVE_DLFCN_H 1
| #define PACKAGE "coinutils"
| #define VERSION "0.1"
| #define HAVE_CMATH 1
| #define HAVE_CFLOAT 1
| #define MY_C_FINITE finite
| /* end confdefs.h.  */
| #include <cinttypes>
| 
| #include <cinttypes>
configure:21106: result: no
configure:21128: checking for inttypes.h
configure:21174: result: yes
configure:21199: checking for int64_t
configure:21232: g++ -c -O3 -fomit-frame-pointer -pipe -DNDEBUG -pedantic-errors -Wimplicit -Wparentheses -Wreturn-type -Wcast-qual -Wall -Wpointer-arith -Wwrite-strings -Wconversion    conftest.cc >&5
configure:21238: $? = 0
configure:21242: test -z 
			 || test ! -s conftest.err
configure:21245: $? = 0
configure:21248: test -s conftest.o
configure:21251: $? = 0
configure:21262: result: yes
configure:22562: checking for intptr_t
configure:22595: g++ -c -O3 -fomit-frame-pointer -pipe -DNDEBUG -pedantic-errors -Wimplicit -Wparentheses -Wreturn-type -Wcast-qual -Wall -Wpointer-arith -Wwrite-strings -Wconversion    conftest.cc >&5
configure:22601: $? = 0
configure:22605: test -z 
			 || test ! -s conftest.err
configure:22608: $? = 0
configure:22611: test -s conftest.o
configure:22614: $? = 0
configure:22625: result: yes
configure:24336: checking for COIN project CoinUtils
configure:24389: result: .
configure:24398: checking if user provides library for Gmpl
configure:24537: result: no
configure:25081: creating ./config.status

## ---------------------- ##
## Running config.status. ##
## ---------------------- ##

This file was extended by CoinUtils config.status 0.1, which was
generated by GNU Autoconf 2.59.  Invocation command line was

  CONFIG_FILES    = 
  CONFIG_HEADERS  = 
  CONFIG_LINKS    = 
  CONFIG_COMMANDS = 
  $ ./config.status 

on Turing-2.local

config.status:760: creating Makefile
config.status:760: creating src/Makefile
config.status:760: creating test/Makefile
config.status:760: creating coinutils_addlibs.txt
config.status:864: creating inc/config_coinutils.h
config.status:1168: executing depfiles commands
configure:26448: Configuration of CoinUtils successful

## ---------------- ##
## Cache variables. ##
## ---------------- ##

ac_cv_build=i386-apple-darwin9.8.0
ac_cv_build_alias=i386-apple-darwin9.8.0
ac_cv_c_compiler_gnu=yes
ac_cv_cxx_compiler_gnu=yes
ac_cv_env_ADD_CFLAGS_set=
ac_cv_env_ADD_CFLAGS_value=
ac_cv_env_ADD_CXXFLAGS_set=
ac_cv_env_ADD_CXXFLAGS_value=
ac_cv_env_CC_set=
ac_cv_env_CC_value=
ac_cv_env_CDEFS_set=
ac_cv_env_CDEFS_value=
ac_cv_env_CFLAGS_set=
ac_cv_env_CFLAGS_value=
ac_cv_env_CPPFLAGS_set=
ac_cv_env_CPPFLAGS_value=
ac_cv_env_CPP_set=
ac_cv_env_CPP_value=
ac_cv_env_CXXCPP_set=
ac_cv_env_CXXCPP_value=
ac_cv_env_CXXDEFS_set=
ac_cv_env_CXXDEFS_value=
ac_cv_env_CXXFLAGS_set=
ac_cv_env_CXXFLAGS_value=
ac_cv_env_CXX_set=
ac_cv_env_CXX_value=
ac_cv_env_DBG_CFLAGS_set=
ac_cv_env_DBG_CFLAGS_value=
ac_cv_env_DBG_CXXFLAGS_set=
ac_cv_env_DBG_CXXFLAGS_value=
ac_cv_env_F77_set=
ac_cv_env_F77_value=
ac_cv_env_FFLAGS_set=
ac_cv_env_FFLAGS_value=
ac_cv_env_LDFLAGS_set=
ac_cv_env_LDFLAGS_value=
ac_cv_env_MPICC_set=
ac_cv_env_MPICC_value=
ac_cv_env_MPICXX_set=
ac_cv_env_MPICXX_value=
ac_cv_env_OPT_CFLAGS_set=
ac_cv_env_OPT_CFLAGS_value=
ac_cv_env_OPT_CXXFLAGS_set=
ac_cv_env_OPT_CXXFLAGS_value=
ac_cv_env_build_alias_set=
ac_cv_env_build_alias_value=
ac_cv_env_host_alias_set=
ac_cv_env_host_alias_value=
ac_cv_env_target_alias_set=
ac_cv_env_target_alias_value=
ac_cv_exeext=
ac_cv_f77_compiler_gnu=no
ac_cv_have_decl__isnan=no
ac_cv_have_decl_finite=yes
ac_cv_have_decl_isnan=no
ac_cv_have_decl_isnand=no
ac_cv_header_cfloat=yes
ac_cv_header_cieeefp=no
ac_cv_header_cinttypes=no
ac_cv_header_cmath=yes
ac_cv_header_dlfcn_h=yes
ac_cv_header_ieeefp_h=no
ac_cv_header_inttypes_h=yes
ac_cv_header_memory_h=yes
ac_cv_header_stdc=no
ac_cv_header_stdint_h=yes
ac_cv_header_stdlib_h=no
ac_cv_header_string_h=yes
ac_cv_header_strings_h=yes
ac_cv_header_sys_stat_h=yes
ac_cv_header_sys_types_h=yes
ac_cv_header_unistd_h=yes
ac_cv_host=i386-apple-darwin9.8.0
ac_cv_host_alias=i386-apple-darwin9.8.0
ac_cv_objext=o
ac_cv_path_install='/usr/bin/install -c'
ac_cv_prog_AWK=gawk
ac_cv_prog_CPP='cc -E'
ac_cv_prog_CXXCPP='g++ -E'
ac_cv_prog_ac_ct_AR=ar
ac_cv_prog_ac_ct_CC=cc
ac_cv_prog_ac_ct_CXX=g++
ac_cv_prog_ac_ct_RANLIB=ranlib
ac_cv_prog_ac_ct_STRIP=strip
ac_cv_prog_cc_g=yes
ac_cv_prog_cc_stdc=
ac_cv_prog_cxx_g=yes
ac_cv_prog_egrep='grep -E'
ac_cv_prog_f77_g=no
ac_cv_prog_make_make_set=yes
ac_cv_type_int64_t=yes
ac_cv_type_intptr_t=yes
am_cv_CC_dependencies_compiler_type=gcc3
am_cv_CXX_dependencies_compiler_type=gcc3
lt_cv_deplibs_check_method=pass_all
lt_cv_file_magic_cmd='$MAGIC_CMD'
lt_cv_file_magic_test_file=
lt_cv_ld_reload_flag=-r
lt_cv_objdir=.libs
lt_cv_path_LD=/usr/libexec/gcc/i686-apple-darwin9/4.0.1/ld
lt_cv_path_LDCXX=/usr/libexec/gcc/i686-apple-darwin9/4.0.1/ld
lt_cv_path_NM='/usr/bin/nm -p'
lt_cv_path_SED=/opt/local/bin/gsed
lt_cv_prog_compiler_c_o=yes
lt_cv_prog_compiler_c_o_CXX=yes
lt_cv_prog_compiler_rtti_exceptions=no
lt_cv_prog_gnu_ld=no
lt_cv_prog_gnu_ldcxx=no
lt_cv_sys_global_symbol_pipe='sed -n -e '\''s/^.*[ 	]\([BCDEGRST][BCDEGRST]*\)[ 	][ 	]*_\([_A-Za-z][_A-Za-z0-9]*\)$/\1 _\2 \2/p'\'''
lt_cv_sys_global_symbol_to_c_name_address='sed -n -e '\''s/^: \([^ ]*\) $/  {\"\1\", (lt_ptr) 0},/p'\'' -e '\''s/^[BCDEGRST] \([^ ]*\) \([^ ]*\)$/  {"\2", (lt_ptr) \&\2},/p'\'''
lt_cv_sys_global_symbol_to_cdecl='sed -n -e '\''s/^. .* \(.*\)$/extern int \1;/p'\'''
lt_cv_sys_max_cmd_len=196608
lt_lt_cv_prog_compiler_c_o='"yes"'
lt_lt_cv_prog_compiler_c_o_CXX='"yes"'
lt_lt_cv_sys_global_symbol_pipe='"sed -n -e '\''s/^.*[ 	]\\([BCDEGRST][BCDEGRST]*\\)[ 	][ 	]*_\\([_A-Za-z][_A-Za-z0-9]*\\)\$/\\1 _\\2 \\2/p'\''"'
lt_lt_cv_sys_global_symbol_to_c_name_address='"sed -n -e '\''s/^: \\([^ ]*\\) \$/  {\\\"\\1\\\", (lt_ptr) 0},/p'\'' -e '\''s/^[BCDEGRST] \\([^ ]*\\) \\([^ ]*\\)\$/  {\"\\2\", (lt_ptr) \\&\\2},/p'\''"'
lt_lt_cv_sys_global_symbol_to_cdecl='"sed -n -e '\''s/^. .* \\(.*\\)\$/extern int \\1;/p'\''"'

## ----------------- ##
## Output variables. ##
## ----------------- ##

ACLOCAL='${SHELL} /Users/dustin/Documents/Projects/sequence-mining/pboost-1.0/external/osi-0.95.3/missing --run aclocal-1.9'
ADDLIBS='-lm'
ADD_CFLAGS=''
ADD_CXXFLAGS=''
ALWAYS_FALSE_FALSE=''
ALWAYS_FALSE_TRUE='#'
AMDEPBACKSLASH='\'
AMDEP_FALSE='#'
AMDEP_TRUE=''
AMTAR='${SHELL} /Users/dustin/Documents/Projects/sequence-mining/pboost-1.0/external/osi-0.95.3/missing --run tar'
AR='ar'
AUTOCONF='${SHELL} /Users/dustin/Documents/Projects/sequence-mining/pboost-1.0/external/osi-0.95.3/missing --run autoconf'
AUTOHEADER='${SHELL} /Users/dustin/Documents/Projects/sequence-mining/pboost-1.0/external/osi-0.95.3/missing --run autoheader'
AUTOMAKE='${SHELL} /Users/dustin/Documents/Projects/sequence-mining/pboost-1.0/external/osi-0.95.3/missing --run automake-1.9'
AUX_DIR=''
AWK='gawk'
BUILDTOOLSDIR=''
CC='cc'
CCDEPMODE='depmode=gcc3'
CDEFS=''
CFLAGS='-O3 -fomit-frame-pointer -pipe -DNDEBUG -pedantic-errors -Wimplicit -Wparentheses -Wsequence-point -Wreturn-type -Wcast-qual -Wall  '
COINUTILSOBJDIR='/Users/dustin/Documents/Projects/sequence-mining/pboost-1.0/external/osi-0.95.3/CoinUtils/.'
COINUTILSSRCDIR='/Users/dustin/Documents/Projects/sequence-mining/pboost-1.0/external/osi-0.95.3/CoinUtils'
COIN_HAS_COINUTILS_FALSE='#'
COIN_HAS_COINUTILS_TRUE=''
COIN_HAS_GMPL_FALSE=''
COIN_HAS_GMPL_TRUE='#'
COIN_HAS_ZLIB_FALSE=''
COIN_HAS_ZLIB_TRUE='#'
CPP='cc -E'
CPPFLAGS=''
CXX='g++'
CXXCPP='g++ -E'
CXXDEFS=''
CXXDEPMODE='depmode=gcc3'
CXXFLAGS='-O3 -fomit-frame-pointer -pipe -DNDEBUG -pedantic-errors -Wimplicit -Wparentheses -Wreturn-type -Wcast-qual -Wall -Wpointer-arith -Wwrite-strings -Wconversion  '
CYGPATH_W='echo'
DBG_CFLAGS='-g -pipe -pedantic-errors -Wimplicit -Wparentheses -Wsequence-point -Wreturn-type -Wcast-qual -Wall  '
DBG_CXXFLAGS='-g -pipe -pedantic-errors -Wimplicit -Wparentheses -Wreturn-type -Wcast-qual -Wall -Wpointer-arith -Wwrite-strings -Wconversion  '
DEFS='-DHAVE_CONFIG_H'
DEPDIR='.deps'
ECHO='/bin/echo'
ECHO_C='ECHO_N=''
ECHO_T=''
EGREP='grep -E'
EXEEXT=''
F77=''
FADDLIBS='-lm'
FFLAGS=''
GMPLINCDIR=''
GMPLLIB=''
HAVE_EXTERNALS_FALSE=''
HAVE_EXTERNALS_TRUE='#'
INSTALL_DATA='${INSTALL} -m 644'
INSTALL_PROGRAM='${INSTALL}'
INSTALL_SCRIPT='${INSTALL}'
INSTALL_STRIP_PROGRAM='${SHELL} $(install_sh) -c -s'
LDFLAGS=''
LIBEXT='a'
LIBOBJS=''
LIBS=''
LIBTOOL='$(SHELL) $(top_builddir)/libtool'
LIBTOOLM4=''
LN_S='ln -s'
LTLIBOBJS=''
LT_LDFLAGS=''
MAINT='#'
MAINTAINER_MODE_FALSE=''
MAINTAINER_MODE_TRUE='#'
MAKEINFO='${SHELL} /Users/dustin/Documents/Projects/sequence-mining/pboost-1.0/external/osi-0.95.3/missing --run makeinfo'
MPICC=''
MPICXX=''
OBJEXT='o'
OPT_CFLAGS='-O3 -fomit-frame-pointer -pipe -DNDEBUG -pedantic-errors -Wimplicit -Wparentheses -Wsequence-point -Wreturn-type -Wcast-qual -Wall  '
OPT_CXXFLAGS='-O3 -fomit-frame-pointer -pipe -DNDEBUG -pedantic-errors -Wimplicit -Wparentheses -Wreturn-type -Wcast-qual -Wall -Wpointer-arith -Wwrite-strings -Wconversion  '
PACKAGE='coinutils'
PACKAGE_BUGREPORT='http://projects.coin-or.org/CoinUtils'
PACKAGE_NAME='CoinUtils'
PACKAGE_STRING='CoinUtils 0.1'
PACKAGE_TARNAME='coinutils'
PACKAGE_VERSION='0.1'
PATH_SEPARATOR=':'
RANLIB='ranlib'
RPATH_FLAGS=''
SET_MAKE=''
SHELL='/bin/sh'
STRIP='strip'
VERSION='0.1'
VPATH_DISTCLEANFILES=''
abs_bin_dir='/Users/dustin/Documents/Projects/sequence-mining/pboost-1.0/external/osi-0.95.3/bin'
abs_include_dir='/Users/dustin/Documents/Projects/sequence-mining/pboost-1.0/external/osi-0.95.3/include'
abs_lib_dir='/Users/dustin/Documents/Projects/sequence-mining/pboost-1.0/external/osi-0.95.3/lib'
abs_source_dir='/Users/dustin/Documents/Projects/sequence-mining/pboost-1.0/external/osi-0.95.3/CoinUtils'
ac_ct_AR='ar'
ac_ct_CC='cc'
ac_ct_CXX='g++'
ac_ct_F77=''
ac_ct_RANLIB='ranlib'
ac_ct_STRIP='strip'
am__fastdepCC_FALSE='#'
am__fastdepCC_TRUE=''
am__fastdepCXX_FALSE='#'
am__fastdepCXX_TRUE=''
am__include='include'
am__leading_dot='.'
am__quote=''
am__tar='${AMTAR} chof - "$$tardir"'
am__untar='${AMTAR} xf -'
bindir='${exec_prefix}/bin'
build='i386-apple-darwin9.8.0'
build_alias=''
build_cpu='i386'
build_os='darwin9.8.0'
build_vendor='apple'
datadir='${prefix}/share'
exec_prefix='${prefix}'
have_autoconf=''
have_automake=''
have_svn=''
host='i386-apple-darwin9.8.0'
host_alias=''
host_cpu='i386'
host_os='darwin9.8.0'
host_vendor='apple'
includedir='${prefix}/include'
infodir='${prefix}/info'
install_sh='/Users/dustin/Documents/Projects/sequence-mining/pboost-1.0/external/osi-0.95.3/install-sh'
libdir='${exec_prefix}/lib'
libexecdir='${exec_prefix}/libexec'
localstatedir='${prefix}/var'
mandir='${prefix}/man'
mkdir_p='$(install_sh) -d'
oldincludedir='/usr/include'
prefix='/Users/dustin/Documents/Projects/sequence-mining/pboost-1.0/external/osi-0.95.3'
program_transform_name='s,x,x,'
sbindir='${exec_prefix}/sbin'
sharedstatedir='${prefix}/com'
sysconfdir='${prefix}/etc'
target_alias=''

## ----------- ##
## confdefs.h. ##
## ----------- ##

#define COIN_COINUTILS_CHECKLEVEL 0
#define COIN_COINUTILS_VERBOSITY 0
#define COIN_HAS_COINUTILS 1
#define COIN_INT64_T int64_t
#define COIN_INTPTR_T intptr_t
#define HAVE_CFLOAT 1
#define HAVE_CMATH 1
#define HAVE_DLFCN_H 1
#define HAVE_DLFCN_H 1
#define HAVE_INTTYPES_H 1
#define HAVE_INTTYPES_H 1
#define HAVE_MEMORY_H 1
#define HAVE_STDINT_H 1
#define HAVE_STRINGS_H 1
#define HAVE_STRING_H 1
#define HAVE_SYS_STAT_H 1
#define HAVE_SYS_TYPES_H 1
#define HAVE_UNISTD_H 1
#define MY_C_FINITE finite
#define PACKAGE "coinutils"
#define PACKAGE_BUGREPORT "http://projects.coin-or.org/CoinUtils"
#define PACKAGE_NAME "CoinUtils"
#define PACKAGE_STRING "CoinUtils 0.1"
#define PACKAGE_TARNAME "coinutils"
#define PACKAGE_VERSION "0.1"
#define VERSION "0.1"
#endif
#ifdef __cplusplus
extern "C" void std::exit (int); using std::exit;

configure: exit 0
