This file contains any messages produced by compilers while
running configure, to aid debugging if configure makes a mistake.

It was created by Clp configure 0.1, which was
generated by GNU Autoconf 2.59.  Invocation command line was

  $ ./configure --prefix=/Users/dustin/Documents/Projects/sequence-mining/pboost-1.0/external/osi-0.95.3 --cache-file=/dev/null --srcdir=.

## --------- ##
## Platform. ##
## --------- ##

hostname = Turing-2.local
uname -m = i386
uname -r = 9.8.0
uname -s = Darwin
uname -v = Darwin Kernel Version 9.8.0: Wed Jul 15 16:55:01 PDT 2009; root:xnu-1228.15.4~1/RELEASE_I386

/usr/bin/uname -p = i386
/bin/uname -X     = unknown

/bin/arch              = unknown
/usr/bin/arch -k       = unknown
/usr/convex/getsysinfo = unknown
hostinfo               = Mach kernel version:
	 Darwin Kernel Version 9.8.0: Wed Jul 15 16:55:01 PDT 2009; root:xnu-1228.15.4~1/RELEASE_I386
Kernel configured for up to 2 processors.
2 processors are physically available.
2 processors are logically available.
Processor type: i486 (Intel 80486)
Processors active: 0 1
Primary memory available: 2.00 gigabytes
Default processor set: 82 tasks, 325 threads, 2 processors
Load average: 1.27, Mach factor: 0.83
/bin/machine           = unknown
/usr/bin/oslevel       = unknown
/bin/universe          = unknown

PATH: /opt/local/Library/Frameworks/Python.framework/Versions/2.6/bin/
PATH: /opt/local/bin
PATH: /opt/local/sbin
PATH: /opt/local/bin
PATH: /Users/dustin/.cabal/bin
PATH: /opt/local/sbin
PATH: /Applications/MATLAB_R2008a/bin
PATH: /opt/local/Library/Frameworks/Python.framework/Versions/2.6/bin/
PATH: /opt/local/lib/mysql5/bin
PATH: /opt/local/bin
PATH: /Users/dustin/MonetDb/etc
PATH: /Users/dustin/MonetDb/include
PATH: /Users/dustin/MonetDb/share
PATH: /Users/dustin/Monetdb/var
PATH: /Users/dustin/MonetDb/lib
PATH: /Users/dustin/MonetDb/bin
PATH: /opt/local/sbin
PATH: /usr/local/android-sdk-mac_x86-1.5_r1
PATH: /opt/local/bin
PATH: /Users/dustin/.cabal/bin
PATH: /opt/local/sbin
PATH: /Library/Frameworks/Python.framework/Versions/Current/bin
PATH: /opt/local/Library/Frameworks/Python.framework/Versions/2.6/bin/
PATH: /opt/local/bin
PATH: /opt/local/sbin
PATH: /opt/local/bin
PATH: /Users/dustin/.cabal/bin
PATH: /opt/local/sbin
PATH: /Applications/MATLAB_R2008a/bin
PATH: /opt/local/Library/Frameworks/Python.framework/Versions/2.6/bin/
PATH: /opt/local/lib/mysql5/bin
PATH: /opt/local/bin
PATH: /Users/dustin/MonetDb/etc
PATH: /Users/dustin/MonetDb/include
PATH: /Users/dustin/MonetDb/share
PATH: /Users/dustin/Monetdb/var
PATH: /Users/dustin/MonetDb/lib
PATH: /Users/dustin/MonetDb/bin
PATH: /opt/local/sbin
PATH: /usr/local/android-sdk-mac_x86-1.5_r1
PATH: /opt/local/bin
PATH: /Users/dustin/.cabal/bin
PATH: /opt/local/sbin
PATH: /Library/Frameworks/Python.framework/Versions/Current/bin
PATH: /opt/local/Library/Frameworks/Python.framework/Versions/2.6/bin/
PATH: /opt/local/bin
PATH: /opt/local/sbin
PATH: /opt/local/bin
PATH: /Users/dustin/.cabal/bin
PATH: /opt/local/sbin
PATH: /usr/bin
PATH: /bin
PATH: /usr/sbin
PATH: /sbin
PATH: /usr/local/bin
PATH: /usr/texbin
PATH: /usr/X11/bin


## ----------- ##
## Core tests. ##
## ----------- ##

configure:1634: checking build system type
configure:1652: result: i386-apple-darwin9.8.0
configure:1693: checking whether we want to compile in debug mode
configure:1738: result: no
configure:1881: checking for xlc_r
configure:1910: result: no
configure:1881: checking for xlc
configure:1910: result: no
configure:1881: checking for cc
configure:1897: found /usr/bin/cc
configure:1907: result: cc
configure:1928: checking for C compiler version
configure:1931: cc --version </dev/null >&5
i686-apple-darwin9-gcc-4.0.1 (GCC) 4.0.1 (Apple Inc. build 5490)
Copyright (C) 2005 Free Software Foundation, Inc.
This is free software; see the source for copying conditions.  There is NO
warranty; not even for MERCHANTABILITY or FITNESS FOR A PARTICULAR PURPOSE.

configure:1934: $? = 0
configure:1936: cc -v </dev/null >&5
Using built-in specs.
Target: i686-apple-darwin9
Configured with: /var/tmp/gcc/gcc-5490~1/src/configure --disable-checking -enable-werror --prefix=/usr --mandir=/share/man --enable-languages=c,objc,c++,obj-c++ --program-transform-name=/^[cg][^.-]*$/s/$/-4.0/ --with-gxx-include-dir=/include/c++/4.0.0 --with-slibdir=/usr/lib --build=i686-apple-darwin9 --with-arch=apple --with-tune=generic --host=i686-apple-darwin9 --target=i686-apple-darwin9
Thread model: posix
gcc version 4.0.1 (Apple Inc. build 5490)
configure:1939: $? = 0
configure:1941: cc -V </dev/null >&5
gcc-4.0: argument to `-V' is missing
configure:1944: $? = 1
configure:1967: checking for C compiler default output file name
configure:1970: cc    conftest.c  >&5
configure:1973: $? = 0
configure:2019: result: a.out
configure:2024: checking whether the C compiler works
configure:2030: ./a.out
configure:2033: $? = 0
configure:2050: result: yes
configure:2057: checking whether we are cross compiling
configure:2059: result: no
configure:2062: checking for suffix of executables
configure:2064: cc -o conftest    conftest.c  >&5
configure:2067: $? = 0
configure:2092: result: 
configure:2098: checking for suffix of object files
configure:2119: cc -c   conftest.c >&5
configure:2122: $? = 0
configure:2144: result: o
configure:2148: checking whether we are using the GNU C compiler
configure:2172: cc -c   conftest.c >&5
configure:2178: $? = 0
configure:2182: test -z 
			 || test ! -s conftest.err
configure:2185: $? = 0
configure:2188: test -s conftest.o
configure:2191: $? = 0
configure:2204: result: yes
configure:2210: checking whether cc accepts -g
configure:2231: cc -c -g  conftest.c >&5
configure:2237: $? = 0
configure:2241: test -z 
			 || test ! -s conftest.err
configure:2244: $? = 0
configure:2247: test -s conftest.o
configure:2250: $? = 0
configure:2261: result: yes
configure:2278: checking for cc option to accept ANSI C
configure:2348: cc  -c -g -O2  conftest.c >&5
configure:2354: $? = 0
configure:2358: test -z 
			 || test ! -s conftest.err
configure:2361: $? = 0
configure:2364: test -s conftest.o
configure:2367: $? = 0
configure:2385: result: none needed
configure:2403: cc -c -g -O2  conftest.c >&5
conftest.c:2: error: syntax error before 'me'
configure:2409: $? = 1
configure: failed program was:
| #ifndef __cplusplus
|   choke me
| #endif
configure:2824: cc -o conftest -O3 -fomit-frame-pointer -pipe -DNDEBUG -pedantic-errors -Wimplicit -Wparentheses -Wsequence-point -Wreturn-type -Wcast-qual -Wall     conftest.c  >&5
configure:2830: $? = 0
configure:2834: test -z 
			 || test ! -s conftest.err
configure:2837: $? = 0
configure:2840: test -s conftest
configure:2843: $? = 0
configure:2910: C compiler options are: -O3 -fomit-frame-pointer -pipe -DNDEBUG -pedantic-errors -Wimplicit -Wparentheses -Wsequence-point -Wreturn-type -Wcast-qual -Wall  
configure:3021: checking for g++
configure:3037: found /usr/bin/g++
configure:3047: result: g++
configure:3063: checking for C++ compiler version
configure:3066: g++ --version </dev/null >&5
i686-apple-darwin9-g++-4.0.1 (GCC) 4.0.1 (Apple Inc. build 5490)
Copyright (C) 2005 Free Software Foundation, Inc.
This is free software; see the source for copying conditions.  There is NO
warranty; not even for MERCHANTABILITY or FITNESS FOR A PARTICULAR PURPOSE.

configure:3069: $? = 0
configure:3071: g++ -v </dev/null >&5
Using built-in specs.
Target: i686-apple-darwin9
Configured with: /var/tmp/gcc/gcc-5490~1/src/configure --disable-checking -enable-werror --prefix=/usr --mandir=/share/man --enable-languages=c,objc,c++,obj-c++ --program-transform-name=/^[cg][^.-]*$/s/$/-4.0/ --with-gxx-include-dir=/include/c++/4.0.0 --with-slibdir=/usr/lib --build=i686-apple-darwin9 --with-arch=apple --with-tune=generic --host=i686-apple-darwin9 --target=i686-apple-darwin9
Thread model: posix
gcc version 4.0.1 (Apple Inc. build 5490)
configure:3074: $? = 0
configure:3076: g++ -V </dev/null >&5
g++-4.0: argument to `-V' is missing
configure:3079: $? = 1
configure:3082: checking whether we are using the GNU C++ compiler
configure:3106: g++ -c   conftest.cc >&5
configure:3112: $? = 0
configure:3116: test -z 
			 || test ! -s conftest.err
configure:3119: $? = 0
configure:3122: test -s conftest.o
configure:3125: $? = 0
configure:3138: result: yes
configure:3144: checking whether g++ accepts -g
configure:3165: g++ -c -g  conftest.cc >&5
configure:3171: $? = 0
configure:3175: test -z 
			 || test ! -s conftest.err
configure:3178: $? = 0
configure:3181: test -s conftest.o
configure:3184: $? = 0
configure:3195: result: yes
configure:3237: g++ -c -g -O2  conftest.cc >&5
configure:3243: $? = 0
configure:3247: test -z 
			 || test ! -s conftest.err
configure:3250: $? = 0
configure:3253: test -s conftest.o
configure:3256: $? = 0
configure:3282: g++ -c -g -O2  conftest.cc >&5
conftest.cc: In function 'int main()':
conftest.cc:15: error: 'exit' was not declared in this scope
configure:3288: $? = 1
configure: failed program was:
| /* confdefs.h.  */
| 
| #define PACKAGE_NAME "Clp"
| #define PACKAGE_TARNAME "clp"
| #define PACKAGE_VERSION "0.1"
| #define PACKAGE_STRING "Clp 0.1"
| #define PACKAGE_BUGREPORT "coin-clp@list.coin-or.org"
| #define COIN_CLP_VERBOSITY 0
| #define COIN_CLP_CHECKLEVEL 0
| /* end confdefs.h.  */
| 
| int
| main ()
| {
| exit (42);
|   ;
|   return 0;
| }
configure:3237: g++ -c -g -O2  conftest.cc >&5
/usr/include/stdlib.h:159: error: declaration of 'void std::exit(int)' throws different exceptions
conftest.cc:11: error: than previous declaration 'void std::exit(int) throw ()'
configure:3243: $? = 1
configure: failed program was:
| /* confdefs.h.  */
| 
| #define PACKAGE_NAME "Clp"
| #define PACKAGE_TARNAME "clp"
| #define PACKAGE_VERSION "0.1"
| #define PACKAGE_STRING "Clp 0.1"
| #define PACKAGE_BUGREPORT "coin-clp@list.coin-or.org"
| #define COIN_CLP_VERBOSITY 0
| #define COIN_CLP_CHECKLEVEL 0
| /* end confdefs.h.  */
| extern "C" void std::exit (int) throw (); using std::exit;
| #include <stdlib.h>
| int
| main ()
| {
| exit (42);
|   ;
|   return 0;
| }
configure:3237: g++ -c -g -O2  conftest.cc >&5
configure:3243: $? = 0
configure:3247: test -z 
			 || test ! -s conftest.err
configure:3250: $? = 0
configure:3253: test -s conftest.o
configure:3256: $? = 0
configure:3282: g++ -c -g -O2  conftest.cc >&5
configure:3288: $? = 0
configure:3292: test -z 
			 || test ! -s conftest.err
configure:3295: $? = 0
configure:3298: test -s conftest.o
configure:3301: $? = 0
configure:3602: g++ -o conftest -O3 -fomit-frame-pointer -pipe -DNDEBUG -pedantic-errors -Wimplicit -Wparentheses -Wreturn-type -Wcast-qual -Wall -Wpointer-arith -Wwrite-strings -Wconversion     conftest.cc  >&5
configure:3608: $? = 0
configure:3612: test -z 
			 || test ! -s conftest.err
configure:3615: $? = 0
configure:3618: test -s conftest
configure:3621: $? = 0
configure:3688: C++ compiler options are: -O3 -fomit-frame-pointer -pipe -DNDEBUG -pedantic-errors -Wimplicit -Wparentheses -Wreturn-type -Wcast-qual -Wall -Wpointer-arith -Wwrite-strings -Wconversion  
configure:3772: checking for egrep
configure:3782: result: grep -E
configure:3801: checking for a BSD-compatible install
configure:3856: result: /usr/bin/install -c
configure:3867: checking whether build environment is sane
configure:3910: result: yes
configure:3975: checking for gawk
configure:3991: found /opt/local/bin/gawk
configure:4001: result: gawk
configure:4011: checking whether make sets $(MAKE)
configure:4031: result: yes
configure:4061: checking for style of include used by make
configure:4089: result: GNU
configure:4129: checking for dlfcn.h
configure:4145: cc -c -O3 -fomit-frame-pointer -pipe -DNDEBUG -pedantic-errors -Wimplicit -Wparentheses -Wsequence-point -Wreturn-type -Wcast-qual -Wall    conftest.c >&5
configure:4151: $? = 0
configure:4155: test -z 
			 || test ! -s conftest.err
configure:4158: $? = 0
configure:4161: test -s conftest.o
configure:4164: $? = 0
configure:4175: result: yes
configure:4242: checking host system type
configure:4256: result: i386-apple-darwin9.8.0
configure:4264: checking for a sed that does not truncate output
configure:4318: result: /opt/local/bin/gsed
configure:4332: checking for ld used by cc
configure:4399: result: /usr/libexec/gcc/i686-apple-darwin9/4.0.1/ld
configure:4408: checking if the linker (/usr/libexec/gcc/i686-apple-darwin9/4.0.1/ld) is GNU ld
configure:4423: result: no
configure:4428: checking for /usr/libexec/gcc/i686-apple-darwin9/4.0.1/ld option to reload object files
configure:4435: result: -r
configure:4453: checking for BSD-compatible nm
configure:4502: result: /usr/bin/nm -p
configure:4506: checking whether ln -s works
configure:4510: result: yes
configure:4517: checking how to recognise dependent libraries
configure:4693: result: pass_all
configure:4929: checking how to run the C preprocessor
configure:4964: cc -E  conftest.c
configure:4970: $? = 0
configure:5002: cc -E  conftest.c
conftest.c:15:28: error: ac_nonexistent.h: No such file or directory
configure:5008: $? = 1
configure: failed program was:
| /* confdefs.h.  */
| 
| #define PACKAGE_NAME "Clp"
| #define PACKAGE_TARNAME "clp"
| #define PACKAGE_VERSION "0.1"
| #define PACKAGE_STRING "Clp 0.1"
| #define PACKAGE_BUGREPORT "coin-clp@list.coin-or.org"
| #define COIN_CLP_VERBOSITY 0
| #define COIN_CLP_CHECKLEVEL 0
| #ifdef __cplusplus
| extern "C" void std::exit (int); using std::exit;
| #endif
| #define HAVE_DLFCN_H 1
| /* end confdefs.h.  */
| #include <ac_nonexistent.h>
configure:5047: result: cc -E
configure:5071: cc -E  conftest.c
configure:5077: $? = 0
configure:5109: cc -E  conftest.c
conftest.c:15:28: error: ac_nonexistent.h: No such file or directory
configure:5115: $? = 1
configure: failed program was:
| /* confdefs.h.  */
| 
| #define PACKAGE_NAME "Clp"
| #define PACKAGE_TARNAME "clp"
| #define PACKAGE_VERSION "0.1"
| #define PACKAGE_STRING "Clp 0.1"
| #define PACKAGE_BUGREPORT "coin-clp@list.coin-or.org"
| #define COIN_CLP_VERBOSITY 0
| #define COIN_CLP_CHECKLEVEL 0
| #ifdef __cplusplus
| extern "C" void std::exit (int); using std::exit;
| #endif
| #define HAVE_DLFCN_H 1
| /* end confdefs.h.  */
| #include <ac_nonexistent.h>
configure:5159: checking for ANSI C header files
configure:5184: cc -c -O3 -fomit-frame-pointer -pipe -DNDEBUG -pedantic-errors -Wimplicit -Wparentheses -Wsequence-point -Wreturn-type -Wcast-qual -Wall    conftest.c >&5
In file included from /usr/include/i386/_structs.h:38,
                 from /usr/include/machine/_structs.h:31,
                 from /usr/include/sys/_structs.h:57,
                 from /usr/include/sys/signal.h:154,
                 from /usr/include/sys/wait.h:116,
                 from /usr/include/stdlib.h:65,
                 from conftest.c:15:
/usr/include/mach/i386/_structs.h:91: error: type of bit-field '__invalid' is a GCC extension
/usr/include/mach/i386/_structs.h:92: error: type of bit-field '__denorm' is a GCC extension
/usr/include/mach/i386/_structs.h:93: error: type of bit-field '__zdiv' is a GCC extension
/usr/include/mach/i386/_structs.h:94: error: type of bit-field '__ovrfl' is a GCC extension
/usr/include/mach/i386/_structs.h:95: error: type of bit-field '__undfl' is a GCC extension
/usr/include/mach/i386/_structs.h:96: error: type of bit-field '__precis' is a GCC extension
/usr/include/mach/i386/_structs.h:97: error: type of bit-field '<anonymous>' is a GCC extension
/usr/include/mach/i386/_structs.h:98: error: type of bit-field '__pc' is a GCC extension
/usr/include/mach/i386/_structs.h:104: error: type of bit-field '__rc' is a GCC extension
/usr/include/mach/i386/_structs.h:111: error: type of bit-field '<anonymous>' is a GCC extension
/usr/include/mach/i386/_structs.h:112: error: type of bit-field '<anonymous>' is a GCC extension
/usr/include/mach/i386/_structs.h:149: error: type of bit-field '__invalid' is a GCC extension
/usr/include/mach/i386/_structs.h:150: error: type of bit-field '__denorm' is a GCC extension
/usr/include/mach/i386/_structs.h:151: error: type of bit-field '__zdiv' is a GCC extension
/usr/include/mach/i386/_structs.h:152: error: type of bit-field '__ovrfl' is a GCC extension
/usr/include/mach/i386/_structs.h:153: error: type of bit-field '__undfl' is a GCC extension
/usr/include/mach/i386/_structs.h:154: error: type of bit-field '__precis' is a GCC extension
/usr/include/mach/i386/_structs.h:155: error: type of bit-field '__stkflt' is a GCC extension
/usr/include/mach/i386/_structs.h:156: error: type of bit-field '__errsumm' is a GCC extension
/usr/include/mach/i386/_structs.h:157: error: type of bit-field '__c0' is a GCC extension
/usr/include/mach/i386/_structs.h:158: error: type of bit-field '__c1' is a GCC extension
/usr/include/mach/i386/_structs.h:159: error: type of bit-field '__c2' is a GCC extension
/usr/include/mach/i386/_structs.h:160: error: type of bit-field '__tos' is a GCC extension
/usr/include/mach/i386/_structs.h:161: error: type of bit-field '__c3' is a GCC extension
/usr/include/mach/i386/_structs.h:162: error: type of bit-field '__busy' is a GCC extension
configure:5190: $? = 1
configure: failed program was:
| /* confdefs.h.  */
| 
| #define PACKAGE_NAME "Clp"
| #define PACKAGE_TARNAME "clp"
| #define PACKAGE_VERSION "0.1"
| #define PACKAGE_STRING "Clp 0.1"
| #define PACKAGE_BUGREPORT "coin-clp@list.coin-or.org"
| #define COIN_CLP_VERBOSITY 0
| #define COIN_CLP_CHECKLEVEL 0
| #ifdef __cplusplus
| extern "C" void std::exit (int); using std::exit;
| #endif
| #define HAVE_DLFCN_H 1
| /* end confdefs.h.  */
| #include <stdlib.h>
| #include <stdarg.h>
| #include <string.h>
| #include <float.h>
| 
| int
| main ()
| {
| 
|   ;
|   return 0;
| }
configure:5315: result: no
configure:5339: checking for sys/types.h
configure:5355: cc -c -O3 -fomit-frame-pointer -pipe -DNDEBUG -pedantic-errors -Wimplicit -Wparentheses -Wsequence-point -Wreturn-type -Wcast-qual -Wall    conftest.c >&5
configure:5361: $? = 0
configure:5365: test -z 
			 || test ! -s conftest.err
configure:5368: $? = 0
configure:5371: test -s conftest.o
configure:5374: $? = 0
configure:5385: result: yes
configure:5339: checking for sys/stat.h
configure:5355: cc -c -O3 -fomit-frame-pointer -pipe -DNDEBUG -pedantic-errors -Wimplicit -Wparentheses -Wsequence-point -Wreturn-type -Wcast-qual -Wall    conftest.c >&5
configure:5361: $? = 0
configure:5365: test -z 
			 || test ! -s conftest.err
configure:5368: $? = 0
configure:5371: test -s conftest.o
configure:5374: $? = 0
configure:5385: result: yes
configure:5339: checking for stdlib.h
configure:5355: cc -c -O3 -fomit-frame-pointer -pipe -DNDEBUG -pedantic-errors -Wimplicit -Wparentheses -Wsequence-point -Wreturn-type -Wcast-qual -Wall    conftest.c >&5
In file included from /usr/include/i386/_structs.h:38,
                 from /usr/include/machine/_structs.h:31,
                 from /usr/include/sys/_structs.h:57,
                 from /usr/include/sys/signal.h:154,
                 from /usr/include/sys/wait.h:116,
                 from /usr/include/stdlib.h:65,
                 from conftest.c:52:
/usr/include/mach/i386/_structs.h:91: error: type of bit-field '__invalid' is a GCC extension
/usr/include/mach/i386/_structs.h:92: error: type of bit-field '__denorm' is a GCC extension
/usr/include/mach/i386/_structs.h:93: error: type of bit-field '__zdiv' is a GCC extension
/usr/include/mach/i386/_structs.h:94: error: type of bit-field '__ovrfl' is a GCC extension
/usr/include/mach/i386/_structs.h:95: error: type of bit-field '__undfl' is a GCC extension
/usr/include/mach/i386/_structs.h:96: error: type of bit-field '__precis' is a GCC extension
/usr/include/mach/i386/_structs.h:97: error: type of bit-field '<anonymous>' is a GCC extension
/usr/include/mach/i386/_structs.h:98: error: type of bit-field '__pc' is a GCC extension
/usr/include/mach/i386/_structs.h:104: error: type of bit-field '__rc' is a GCC extension
/usr/include/mach/i386/_structs.h:111: error: type of bit-field '<anonymous>' is a GCC extension
/usr/include/mach/i386/_structs.h:112: error: type of bit-field '<anonymous>' is a GCC extension
/usr/include/mach/i386/_structs.h:149: error: type of bit-field '__invalid' is a GCC extension
/usr/include/mach/i386/_structs.h:150: error: type of bit-field '__denorm' is a GCC extension
/usr/include/mach/i386/_structs.h:151: error: type of bit-field '__zdiv' is a GCC extension
/usr/include/mach/i386/_structs.h:152: error: type of bit-field '__ovrfl' is a GCC extension
/usr/include/mach/i386/_structs.h:153: error: type of bit-field '__undfl' is a GCC extension
/usr/include/mach/i386/_structs.h:154: error: type of bit-field '__precis' is a GCC extension
/usr/include/mach/i386/_structs.h:155: error: type of bit-field '__stkflt' is a GCC extension
/usr/include/mach/i386/_structs.h:156: error: type of bit-field '__errsumm' is a GCC extension
/usr/include/mach/i386/_structs.h:157: error: type of bit-field '__c0' is a GCC extension
/usr/include/mach/i386/_structs.h:158: error: type of bit-field '__c1' is a GCC extension
/usr/include/mach/i386/_structs.h:159: error: type of bit-field '__c2' is a GCC extension
/usr/include/mach/i386/_structs.h:160: error: type of bit-field '__tos' is a GCC extension
/usr/include/mach/i386/_structs.h:161: error: type of bit-field '__c3' is a GCC extension
/usr/include/mach/i386/_structs.h:162: error: type of bit-field '__busy' is a GCC extension
configure:5361: $? = 1
configure: failed program was:
| /* confdefs.h.  */
| 
| #define PACKAGE_NAME "Clp"
| #define PACKAGE_TARNAME "clp"
| #define PACKAGE_VERSION "0.1"
| #define PACKAGE_STRING "Clp 0.1"
| #define PACKAGE_BUGREPORT "coin-clp@list.coin-or.org"
| #define COIN_CLP_VERBOSITY 0
| #define COIN_CLP_CHECKLEVEL 0
| #ifdef __cplusplus
| extern "C" void std::exit (int); using std::exit;
| #endif
| #define HAVE_DLFCN_H 1
| #define HAVE_SYS_TYPES_H 1
| #define HAVE_SYS_STAT_H 1
| /* end confdefs.h.  */
| #include <stdio.h>
| #if HAVE_SYS_TYPES_H
| # include <sys/types.h>
| #endif
| #if HAVE_SYS_STAT_H
| # include <sys/stat.h>
| #endif
| #if STDC_HEADERS
| # include <stdlib.h>
| # include <stddef.h>
| #else
| # if HAVE_STDLIB_H
| #  include <stdlib.h>
| # endif
| #endif
| #if HAVE_STRING_H
| # if !STDC_HEADERS && HAVE_MEMORY_H
| #  include <memory.h>
| # endif
| # include <string.h>
| #endif
| #if HAVE_STRINGS_H
| # include <strings.h>
| #endif
| #if HAVE_INTTYPES_H
| # include <inttypes.h>
| #else
| # if HAVE_STDINT_H
| #  include <stdint.h>
| # endif
| #endif
| #if HAVE_UNISTD_H
| # include <unistd.h>
| #endif
| 
| #include <stdlib.h>
configure:5385: result: no
configure:5339: checking for string.h
configure:5355: cc -c -O3 -fomit-frame-pointer -pipe -DNDEBUG -pedantic-errors -Wimplicit -Wparentheses -Wsequence-point -Wreturn-type -Wcast-qual -Wall    conftest.c >&5
configure:5361: $? = 0
configure:5365: test -z 
			 || test ! -s conftest.err
configure:5368: $? = 0
configure:5371: test -s conftest.o
configure:5374: $? = 0
configure:5385: result: yes
configure:5339: checking for memory.h
configure:5355: cc -c -O3 -fomit-frame-pointer -pipe -DNDEBUG -pedantic-errors -Wimplicit -Wparentheses -Wsequence-point -Wreturn-type -Wcast-qual -Wall    conftest.c >&5
configure:5361: $? = 0
configure:5365: test -z 
			 || test ! -s conftest.err
configure:5368: $? = 0
configure:5371: test -s conftest.o
configure:5374: $? = 0
configure:5385: result: yes
configure:5339: checking for strings.h
configure:5355: cc -c -O3 -fomit-frame-pointer -pipe -DNDEBUG -pedantic-errors -Wimplicit -Wparentheses -Wsequence-point -Wreturn-type -Wcast-qual -Wall    conftest.c >&5
configure:5361: $? = 0
configure:5365: test -z 
			 || test ! -s conftest.err
configure:5368: $? = 0
configure:5371: test -s conftest.o
configure:5374: $? = 0
configure:5385: result: yes
configure:5339: checking for inttypes.h
configure:5355: cc -c -O3 -fomit-frame-pointer -pipe -DNDEBUG -pedantic-errors -Wimplicit -Wparentheses -Wsequence-point -Wreturn-type -Wcast-qual -Wall    conftest.c >&5
configure:5361: $? = 0
configure:5365: test -z 
			 || test ! -s conftest.err
configure:5368: $? = 0
configure:5371: test -s conftest.o
configure:5374: $? = 0
configure:5385: result: yes
configure:5339: checking for stdint.h
configure:5355: cc -c -O3 -fomit-frame-pointer -pipe -DNDEBUG -pedantic-errors -Wimplicit -Wparentheses -Wsequence-point -Wreturn-type -Wcast-qual -Wall    conftest.c >&5
configure:5361: $? = 0
configure:5365: test -z 
			 || test ! -s conftest.err
configure:5368: $? = 0
configure:5371: test -s conftest.o
configure:5374: $? = 0
configure:5385: result: yes
configure:5339: checking for unistd.h
configure:5355: cc -c -O3 -fomit-frame-pointer -pipe -DNDEBUG -pedantic-errors -Wimplicit -Wparentheses -Wsequence-point -Wreturn-type -Wcast-qual -Wall    conftest.c >&5
configure:5361: $? = 0
configure:5365: test -z 
			 || test ! -s conftest.err
configure:5368: $? = 0
configure:5371: test -s conftest.o
configure:5374: $? = 0
configure:5385: result: yes
configure:5402: checking for dlfcn.h
configure:5407: result: yes
configure:5557: checking how to run the C++ preprocessor
configure:5588: g++ -E  conftest.cc
configure:5594: $? = 0
configure:5626: g++ -E  conftest.cc
conftest.cc:24:28: error: ac_nonexistent.h: No such file or directory
configure:5632: $? = 1
configure: failed program was:
| /* confdefs.h.  */
| 
| #define PACKAGE_NAME "Clp"
| #define PACKAGE_TARNAME "clp"
| #define PACKAGE_VERSION "0.1"
| #define PACKAGE_STRING "Clp 0.1"
| #define PACKAGE_BUGREPORT "coin-clp@list.coin-or.org"
| #define COIN_CLP_VERBOSITY 0
| #define COIN_CLP_CHECKLEVEL 0
| #ifdef __cplusplus
| extern "C" void std::exit (int); using std::exit;
| #endif
| #define HAVE_DLFCN_H 1
| #define HAVE_SYS_TYPES_H 1
| #define HAVE_SYS_STAT_H 1
| #define HAVE_STRING_H 1
| #define HAVE_MEMORY_H 1
| #define HAVE_STRINGS_H 1
| #define HAVE_INTTYPES_H 1
| #define HAVE_STDINT_H 1
| #define HAVE_UNISTD_H 1
| #define HAVE_DLFCN_H 1
| /* end confdefs.h.  */
| #include <ac_nonexistent.h>
configure:5671: result: g++ -E
configure:5695: g++ -E  conftest.cc
configure:5701: $? = 0
configure:5733: g++ -E  conftest.cc
conftest.cc:24:28: error: ac_nonexistent.h: No such file or directory
configure:5739: $? = 1
configure: failed program was:
| /* confdefs.h.  */
| 
| #define PACKAGE_NAME "Clp"
| #define PACKAGE_TARNAME "clp"
| #define PACKAGE_VERSION "0.1"
| #define PACKAGE_STRING "Clp 0.1"
| #define PACKAGE_BUGREPORT "coin-clp@list.coin-or.org"
| #define COIN_CLP_VERBOSITY 0
| #define COIN_CLP_CHECKLEVEL 0
| #ifdef __cplusplus
| extern "C" void std::exit (int); using std::exit;
| #endif
| #define HAVE_DLFCN_H 1
| #define HAVE_SYS_TYPES_H 1
| #define HAVE_SYS_STAT_H 1
| #define HAVE_STRING_H 1
| #define HAVE_MEMORY_H 1
| #define HAVE_STRINGS_H 1
| #define HAVE_INTTYPES_H 1
| #define HAVE_STDINT_H 1
| #define HAVE_UNISTD_H 1
| #define HAVE_DLFCN_H 1
| /* end confdefs.h.  */
| #include <ac_nonexistent.h>
configure:5835: checking for g77
configure:5864: result: no
configure:5835: checking for f77
configure:5864: result: no
configure:5835: checking for xlf
configure:5864: result: no
configure:5835: checking for frt
configure:5864: result: no
configure:5835: checking for pgf77
configure:5864: result: no
configure:5835: checking for fort77
configure:5864: result: no
configure:5835: checking for fl32
configure:5864: result: no
configure:5835: checking for af77
configure:5864: result: no
configure:5835: checking for f90
configure:5864: result: no
configure:5835: checking for xlf90
configure:5864: result: no
configure:5835: checking for pgf90
configure:5864: result: no
configure:5835: checking for epcf90
configure:5864: result: no
configure:5835: checking for f95
configure:5864: result: no
configure:5835: checking for fort
configure:5864: result: no
configure:5835: checking for xlf95
configure:5864: result: no
configure:5835: checking for ifc
configure:5864: result: no
configure:5835: checking for efc
configure:5864: result: no
configure:5835: checking for pgf95
configure:5864: result: no
configure:5835: checking for lf95
configure:5864: result: no
configure:5835: checking for gfortran
configure:5864: result: no
configure:5876: checking for Fortran 77 compiler version
configure:5879:  --version </dev/null >&5
./configure: line 5880: --version: command not found
configure:5882: $? = 127
configure:5884:  -v </dev/null >&5
./configure: line 5885: -v: command not found
configure:5887: $? = 127
configure:5889:  -V </dev/null >&5
./configure: line 5890: -V: command not found
configure:5892: $? = 127
configure:5900: checking whether we are using the GNU Fortran 77 compiler
configure:5914:  -c  conftest.F >&5
./configure: line 5915: -c: command not found
configure:5920: $? = 127
configure: failed program was:
|       program main
| #ifndef __GNUC__
|        choke me
| #endif
| 
|       end
configure:5946: result: no
configure:5952: checking whether  accepts -g
configure:5964:  -c -g conftest.f >&5
./configure: line 5965: -c: command not found
configure:5970: $? = 127
configure: failed program was:
|       program main
| 
|       end
configure:5995: result: no
configure:6025: checking the maximum length of command line arguments
configure:6134: result: 196608
configure:6145: checking command to parse /usr/bin/nm -p output from cc object
configure:6250: cc -c -O3 -fomit-frame-pointer -pipe -DNDEBUG -pedantic-errors -Wimplicit -Wparentheses -Wsequence-point -Wreturn-type -Wcast-qual -Wall    conftest.c >&5
configure:6253: $? = 0
configure:6257: /usr/bin/nm -p conftest.o \| sed -n -e 's/^.*[ 	]\([BCDEGRST][BCDEGRST]*\)[ 	][ 	]*\([_A-Za-z][_A-Za-z0-9]*\)$/\1 \2 \2/p' \> conftest.nm
configure:6260: $? = 0
cannot find nm_test_var in conftest.nm
configure:6250: cc -c -O3 -fomit-frame-pointer -pipe -DNDEBUG -pedantic-errors -Wimplicit -Wparentheses -Wsequence-point -Wreturn-type -Wcast-qual -Wall    conftest.c >&5
configure:6253: $? = 0
configure:6257: /usr/bin/nm -p conftest.o \| sed -n -e 's/^.*[ 	]\([BCDEGRST][BCDEGRST]*\)[ 	][ 	]*_\([_A-Za-z][_A-Za-z0-9]*\)$/\1 _\2 \2/p' \> conftest.nm
configure:6260: $? = 0
configure:6312: cc -o conftest -O3 -fomit-frame-pointer -pipe -DNDEBUG -pedantic-errors -Wimplicit -Wparentheses -Wsequence-point -Wreturn-type -Wcast-qual -Wall     conftest.c conftstm.o >&5
configure:6315: $? = 0
configure:6353: result: ok
configure:6357: checking for objdir
configure:6372: result: .libs
configure:6462: checking for ar
configure:6478: found /usr/bin/ar
configure:6489: result: ar
configure:6542: checking for ranlib
configure:6558: found /usr/bin/ranlib
configure:6569: result: ranlib
configure:6622: checking for strip
configure:6638: found /usr/bin/strip
configure:6649: result: strip
configure:6925: checking if cc supports -fno-rtti -fno-exceptions
configure:6943: cc -c -O3 -fomit-frame-pointer -pipe -DNDEBUG -pedantic-errors -Wimplicit -Wparentheses -Wsequence-point -Wreturn-type -Wcast-qual -Wall    -fno-rtti -fno-exceptions conftest.c >&5
cc1: warning: command line option "-fno-rtti" is valid for C++/ObjC++ but not for C
configure:6947: $? = 0
configure:6960: result: no
configure:6975: checking for cc option to produce PIC
configure:7185: result: -fno-common
configure:7193: checking if cc PIC flag -fno-common works
configure:7211: cc -c -O3 -fomit-frame-pointer -pipe -DNDEBUG -pedantic-errors -Wimplicit -Wparentheses -Wsequence-point -Wreturn-type -Wcast-qual -Wall    -fno-common -DPIC conftest.c >&5
configure:7215: $? = 0
configure:7228: result: yes
configure:7256: checking if cc static flag -static works
configure:7284: result: no
configure:7294: checking if cc supports -c -o file.o
configure:7315: cc -c -O3 -fomit-frame-pointer -pipe -DNDEBUG -pedantic-errors -Wimplicit -Wparentheses -Wsequence-point -Wreturn-type -Wcast-qual -Wall    -o out/conftest2.o conftest.c >&5
configure:7319: $? = 0
configure:7341: result: yes
configure:7367: checking whether the cc linker (/usr/libexec/gcc/i686-apple-darwin9/4.0.1/ld) supports shared libraries
configure:8325: result: yes
configure:8392: checking dynamic linker characteristics
configure:8980: result: darwin9.8.0 dyld
configure:8989: checking how to hardcode library paths into programs
configure:9014: result: immediate
configure:9028: checking whether stripping libraries is possible
configure:9041: result: yes
configure:9867: checking if libtool supports shared libraries
configure:9869: result: yes
configure:9872: checking whether to build shared libraries
configure:9893: result: yes
configure:9896: checking whether to build static libraries
configure:9900: result: no
configure:9992: creating libtool
configure:10580: checking for ld used by g++
configure:10647: result: /usr/libexec/gcc/i686-apple-darwin9/4.0.1/ld
configure:10656: checking if the linker (/usr/libexec/gcc/i686-apple-darwin9/4.0.1/ld) is GNU ld
configure:10671: result: no
configure:10722: checking whether the g++ linker (/usr/libexec/gcc/i686-apple-darwin9/4.0.1/ld) supports shared libraries
configure:11660: result: yes
configure:11682: g++ -c -O3 -fomit-frame-pointer -pipe -DNDEBUG -pedantic-errors -Wimplicit -Wparentheses -Wreturn-type -Wcast-qual -Wall -Wpointer-arith -Wwrite-strings -Wconversion    conftest.cpp >&5
configure:11685: $? = 0
configure:11804: checking for g++ option to produce PIC
configure:12078: result: -fno-common
configure:12086: checking if g++ PIC flag -fno-common works
configure:12104: g++ -c -O3 -fomit-frame-pointer -pipe -DNDEBUG -pedantic-errors -Wimplicit -Wparentheses -Wreturn-type -Wcast-qual -Wall -Wpointer-arith -Wwrite-strings -Wconversion    -fno-common -DPIC conftest.cpp >&5
configure:12108: $? = 0
configure:12121: result: yes
configure:12149: checking if g++ static flag -static works
configure:12177: result: no
configure:12187: checking if g++ supports -c -o file.o
configure:12208: g++ -c -O3 -fomit-frame-pointer -pipe -DNDEBUG -pedantic-errors -Wimplicit -Wparentheses -Wreturn-type -Wcast-qual -Wall -Wpointer-arith -Wwrite-strings -Wconversion    -o out/conftest2.o conftest.cpp >&5
configure:12212: $? = 0
configure:12234: result: yes
configure:12260: checking whether the g++ linker (/usr/libexec/gcc/i686-apple-darwin9/4.0.1/ld) supports shared libraries
configure:12285: result: yes
configure:12352: checking dynamic linker characteristics
configure:12940: result: darwin9.8.0 dyld
configure:12949: checking how to hardcode library paths into programs
configure:12974: result: immediate
configure:19278: checking dependency style of cc
configure:19368: result: gcc3
configure:19387: checking dependency style of g++
configure:19477: result: gcc3
configure:19495: checking whether to enable maintainer-specific portions of Makefiles
configure:19504: result: no
configure:20021: checking for COIN project CoinUtils
configure:20074: result: ../CoinUtils
configure:20077: checking for COIN project Clp
configure:20130: result: .
configure:20449: checking whether this is a VPATH configuration
configure:20456: result: no
configure:20653: creating ./config.status

## ---------------------- ##
## Running config.status. ##
## ---------------------- ##

This file was extended by Clp config.status 0.1, which was
generated by GNU Autoconf 2.59.  Invocation command line was

  CONFIG_FILES    = 
  CONFIG_HEADERS  = 
  CONFIG_LINKS    = 
  CONFIG_COMMANDS = 
  $ ./config.status 

on Turing-2.local

config.status:759: creating Makefile
config.status:759: creating examples/Makefile
config.status:759: creating src/Makefile
config.status:759: creating test/Makefile
config.status:759: creating clp_addlibs.txt
config.status:863: creating inc/config_clp.h
config.status:1157: executing depfiles commands
configure:22019: Configuration of Clp successful

## ---------------- ##
## Cache variables. ##
## ---------------- ##

ac_cv_build=i386-apple-darwin9.8.0
ac_cv_build_alias=i386-apple-darwin9.8.0
ac_cv_c_compiler_gnu=yes
ac_cv_cxx_compiler_gnu=yes
ac_cv_env_ADD_CFLAGS_set=
ac_cv_env_ADD_CFLAGS_value=
ac_cv_env_ADD_CXXFLAGS_set=
ac_cv_env_ADD_CXXFLAGS_value=
ac_cv_env_CC_set=
ac_cv_env_CC_value=
ac_cv_env_CDEFS_set=
ac_cv_env_CDEFS_value=
ac_cv_env_CFLAGS_set=
ac_cv_env_CFLAGS_value=
ac_cv_env_CPPFLAGS_set=
ac_cv_env_CPPFLAGS_value=
ac_cv_env_CPP_set=
ac_cv_env_CPP_value=
ac_cv_env_CXXCPP_set=
ac_cv_env_CXXCPP_value=
ac_cv_env_CXXDEFS_set=
ac_cv_env_CXXDEFS_value=
ac_cv_env_CXXFLAGS_set=
ac_cv_env_CXXFLAGS_value=
ac_cv_env_CXX_set=
ac_cv_env_CXX_value=
ac_cv_env_DBG_CFLAGS_set=
ac_cv_env_DBG_CFLAGS_value=
ac_cv_env_DBG_CXXFLAGS_set=
ac_cv_env_DBG_CXXFLAGS_value=
ac_cv_env_F77_set=
ac_cv_env_F77_value=
ac_cv_env_FFLAGS_set=
ac_cv_env_FFLAGS_value=
ac_cv_env_LDFLAGS_set=
ac_cv_env_LDFLAGS_value=
ac_cv_env_MPICC_set=
ac_cv_env_MPICC_value=
ac_cv_env_MPICXX_set=
ac_cv_env_MPICXX_value=
ac_cv_env_OPT_CFLAGS_set=
ac_cv_env_OPT_CFLAGS_value=
ac_cv_env_OPT_CXXFLAGS_set=
ac_cv_env_OPT_CXXFLAGS_value=
ac_cv_env_build_alias_set=
ac_cv_env_build_alias_value=
ac_cv_env_host_alias_set=
ac_cv_env_host_alias_value=
ac_cv_env_target_alias_set=
ac_cv_env_target_alias_value=
ac_cv_exeext=
ac_cv_f77_compiler_gnu=no
ac_cv_header_dlfcn_h=yes
ac_cv_header_inttypes_h=yes
ac_cv_header_memory_h=yes
ac_cv_header_stdc=no
ac_cv_header_stdint_h=yes
ac_cv_header_stdlib_h=no
ac_cv_header_string_h=yes
ac_cv_header_strings_h=yes
ac_cv_header_sys_stat_h=yes
ac_cv_header_sys_types_h=yes
ac_cv_header_unistd_h=yes
ac_cv_host=i386-apple-darwin9.8.0
ac_cv_host_alias=i386-apple-darwin9.8.0
ac_cv_objext=o
ac_cv_path_install='/usr/bin/install -c'
ac_cv_prog_AWK=gawk
ac_cv_prog_CPP='cc -E'
ac_cv_prog_CXXCPP='g++ -E'
ac_cv_prog_ac_ct_AR=ar
ac_cv_prog_ac_ct_CC=cc
ac_cv_prog_ac_ct_CXX=g++
ac_cv_prog_ac_ct_RANLIB=ranlib
ac_cv_prog_ac_ct_STRIP=strip
ac_cv_prog_cc_g=yes
ac_cv_prog_cc_stdc=
ac_cv_prog_cxx_g=yes
ac_cv_prog_egrep='grep -E'
ac_cv_prog_f77_g=no
ac_cv_prog_make_make_set=yes
am_cv_CC_dependencies_compiler_type=gcc3
am_cv_CXX_dependencies_compiler_type=gcc3
lt_cv_deplibs_check_method=pass_all
lt_cv_file_magic_cmd='$MAGIC_CMD'
lt_cv_file_magic_test_file=
lt_cv_ld_reload_flag=-r
lt_cv_objdir=.libs
lt_cv_path_LD=/usr/libexec/gcc/i686-apple-darwin9/4.0.1/ld
lt_cv_path_LDCXX=/usr/libexec/gcc/i686-apple-darwin9/4.0.1/ld
lt_cv_path_NM='/usr/bin/nm -p'
lt_cv_path_SED=/opt/local/bin/gsed
lt_cv_prog_compiler_c_o=yes
lt_cv_prog_compiler_c_o_CXX=yes
lt_cv_prog_compiler_rtti_exceptions=no
lt_cv_prog_gnu_ld=no
lt_cv_prog_gnu_ldcxx=no
lt_cv_sys_global_symbol_pipe='sed -n -e '\''s/^.*[ 	]\([BCDEGRST][BCDEGRST]*\)[ 	][ 	]*_\([_A-Za-z][_A-Za-z0-9]*\)$/\1 _\2 \2/p'\'''
lt_cv_sys_global_symbol_to_c_name_address='sed -n -e '\''s/^: \([^ ]*\) $/  {\"\1\", (lt_ptr) 0},/p'\'' -e '\''s/^[BCDEGRST] \([^ ]*\) \([^ ]*\)$/  {"\2", (lt_ptr) \&\2},/p'\'''
lt_cv_sys_global_symbol_to_cdecl='sed -n -e '\''s/^. .* \(.*\)$/extern int \1;/p'\'''
lt_cv_sys_max_cmd_len=196608
lt_lt_cv_prog_compiler_c_o='"yes"'
lt_lt_cv_prog_compiler_c_o_CXX='"yes"'
lt_lt_cv_sys_global_symbol_pipe='"sed -n -e '\''s/^.*[ 	]\\([BCDEGRST][BCDEGRST]*\\)[ 	][ 	]*_\\([_A-Za-z][_A-Za-z0-9]*\\)\$/\\1 _\\2 \\2/p'\''"'
lt_lt_cv_sys_global_symbol_to_c_name_address='"sed -n -e '\''s/^: \\([^ ]*\\) \$/  {\\\"\\1\\\", (lt_ptr) 0},/p'\'' -e '\''s/^[BCDEGRST] \\([^ ]*\\) \\([^ ]*\\)\$/  {\"\\2\", (lt_ptr) \\&\\2},/p'\''"'
lt_lt_cv_sys_global_symbol_to_cdecl='"sed -n -e '\''s/^. .* \\(.*\\)\$/extern int \\1;/p'\''"'

## ----------------- ##
## Output variables. ##
## ----------------- ##

ACLOCAL='${SHELL} /Users/dustin/Documents/Projects/sequence-mining/pboost-1.0/external/osi-0.95.3/missing --run aclocal-1.9'
ADDLIBS='-lm'
ADD_CFLAGS=''
ADD_CXXFLAGS=''
ALWAYS_FALSE_FALSE=''
ALWAYS_FALSE_TRUE='#'
AMDEPBACKSLASH='\'
AMDEP_FALSE='#'
AMDEP_TRUE=''
AMTAR='${SHELL} /Users/dustin/Documents/Projects/sequence-mining/pboost-1.0/external/osi-0.95.3/missing --run tar'
AR='ar'
AUTOCONF='${SHELL} /Users/dustin/Documents/Projects/sequence-mining/pboost-1.0/external/osi-0.95.3/missing --run autoconf'
AUTOHEADER='${SHELL} /Users/dustin/Documents/Projects/sequence-mining/pboost-1.0/external/osi-0.95.3/missing --run autoheader'
AUTOMAKE='${SHELL} /Users/dustin/Documents/Projects/sequence-mining/pboost-1.0/external/osi-0.95.3/missing --run automake-1.9'
AUX_DIR=''
AWK='gawk'
BUILDTOOLSDIR=''
CC='cc'
CCDEPMODE='depmode=gcc3'
CDEFS=''
CFLAGS='-O3 -fomit-frame-pointer -pipe -DNDEBUG -pedantic-errors -Wimplicit -Wparentheses -Wsequence-point -Wreturn-type -Wcast-qual -Wall  '
CLPOBJDIR='/Users/dustin/Documents/Projects/sequence-mining/pboost-1.0/external/osi-0.95.3/Clp/.'
CLPSRCDIR='/Users/dustin/Documents/Projects/sequence-mining/pboost-1.0/external/osi-0.95.3/Clp'
COINUTILSOBJDIR='/Users/dustin/Documents/Projects/sequence-mining/pboost-1.0/external/osi-0.95.3/Clp/../CoinUtils'
COINUTILSSRCDIR='/Users/dustin/Documents/Projects/sequence-mining/pboost-1.0/external/osi-0.95.3/CoinUtils'
COIN_HAS_CLP_FALSE='#'
COIN_HAS_CLP_TRUE=''
COIN_HAS_COINUTILS_FALSE='#'
COIN_HAS_COINUTILS_TRUE=''
CPP='cc -E'
CPPFLAGS=''
CXX='g++'
CXXCPP='g++ -E'
CXXDEFS=''
CXXDEPMODE='depmode=gcc3'
CXXFLAGS='-O3 -fomit-frame-pointer -pipe -DNDEBUG -pedantic-errors -Wimplicit -Wparentheses -Wreturn-type -Wcast-qual -Wall -Wpointer-arith -Wwrite-strings -Wconversion  '
CYGPATH_W='echo'
DBG_CFLAGS='-g -pipe -pedantic-errors -Wimplicit -Wparentheses -Wsequence-point -Wreturn-type -Wcast-qual -Wall  '
DBG_CXXFLAGS='-g -pipe -pedantic-errors -Wimplicit -Wparentheses -Wreturn-type -Wcast-qual -Wall -Wpointer-arith -Wwrite-strings -Wconversion  '
DEFS='-DHAVE_CONFIG_H'
DEPDIR='.deps'
ECHO='/bin/echo'
ECHO_C='ECHO_N=''
ECHO_T=''
EGREP='grep -E'
EXEEXT=''
F77=''
FADDLIBS='-lm'
FFLAGS=''
HAVE_EXTERNALS_FALSE=''
HAVE_EXTERNALS_TRUE='#'
INSTALL_DATA='${INSTALL} -m 644'
INSTALL_PROGRAM='${INSTALL}'
INSTALL_SCRIPT='${INSTALL}'
INSTALL_STRIP_PROGRAM='${SHELL} $(install_sh) -c -s'
LDFLAGS=''
LIBEXT='a'
LIBOBJS=''
LIBS=''
LIBTOOL='$(SHELL) $(top_builddir)/libtool'
LIBTOOLM4=''
LN_S='ln -s'
LTLIBOBJS=''
LT_LDFLAGS=''
MAINT='#'
MAINTAINER_MODE_FALSE=''
MAINTAINER_MODE_TRUE='#'
MAKEINFO='${SHELL} /Users/dustin/Documents/Projects/sequence-mining/pboost-1.0/external/osi-0.95.3/missing --run makeinfo'
MPICC=''
MPICXX=''
OBJEXT='o'
OPT_CFLAGS='-O3 -fomit-frame-pointer -pipe -DNDEBUG -pedantic-errors -Wimplicit -Wparentheses -Wsequence-point -Wreturn-type -Wcast-qual -Wall  '
OPT_CXXFLAGS='-O3 -fomit-frame-pointer -pipe -DNDEBUG -pedantic-errors -Wimplicit -Wparentheses -Wreturn-type -Wcast-qual -Wall -Wpointer-arith -Wwrite-strings -Wconversion  '
PACKAGE='clp'
PACKAGE_BUGREPORT='coin-clp@list.coin-or.org'
PACKAGE_NAME='Clp'
PACKAGE_STRING='Clp 0.1'
PACKAGE_TARNAME='clp'
PACKAGE_VERSION='0.1'
PATH_SEPARATOR=':'
RANLIB='ranlib'
RPATH_FLAGS=''
SET_MAKE=''
SHELL='/bin/sh'
STRIP='strip'
VERSION='0.1'
VPATH_DISTCLEANFILES=''
abs_bin_dir='/Users/dustin/Documents/Projects/sequence-mining/pboost-1.0/external/osi-0.95.3/bin'
abs_include_dir='/Users/dustin/Documents/Projects/sequence-mining/pboost-1.0/external/osi-0.95.3/include'
abs_lib_dir='/Users/dustin/Documents/Projects/sequence-mining/pboost-1.0/external/osi-0.95.3/lib'
abs_source_dir='/Users/dustin/Documents/Projects/sequence-mining/pboost-1.0/external/osi-0.95.3/Clp'
ac_ct_AR='ar'
ac_ct_CC='cc'
ac_ct_CXX='g++'
ac_ct_F77=''
ac_ct_RANLIB='ranlib'
ac_ct_STRIP='strip'
am__fastdepCC_FALSE='#'
am__fastdepCC_TRUE=''
am__fastdepCXX_FALSE='#'
am__fastdepCXX_TRUE=''
am__include='include'
am__leading_dot='.'
am__quote=''
am__tar='${AMTAR} chof - "$$tardir"'
am__untar='${AMTAR} xf -'
bindir='${exec_prefix}/bin'
build='i386-apple-darwin9.8.0'
build_alias=''
build_cpu='i386'
build_os='darwin9.8.0'
build_vendor='apple'
datadir='${prefix}/share'
exec_prefix='${prefix}'
have_autoconf=''
have_automake=''
have_svn=''
host='i386-apple-darwin9.8.0'
host_alias=''
host_cpu='i386'
host_os='darwin9.8.0'
host_vendor='apple'
includedir='${prefix}/include'
infodir='${prefix}/info'
install_sh='/Users/dustin/Documents/Projects/sequence-mining/pboost-1.0/external/osi-0.95.3/install-sh'
libdir='${exec_prefix}/lib'
libexecdir='${exec_prefix}/libexec'
localstatedir='${prefix}/var'
mandir='${prefix}/man'
mkdir_p='$(install_sh) -d'
oldincludedir='/usr/include'
prefix='/Users/dustin/Documents/Projects/sequence-mining/pboost-1.0/external/osi-0.95.3'
program_transform_name='s,x,x,'
sbindir='${exec_prefix}/sbin'
sharedstatedir='${prefix}/com'
sysconfdir='${prefix}/etc'
target_alias=''

## ----------- ##
## confdefs.h. ##
## ----------- ##

#define COIN_CLP_CHECKLEVEL 0
#define COIN_CLP_VERBOSITY 0
#define COIN_HAS_CLP 1
#define COIN_HAS_COINUTILS 1
#define HAVE_DLFCN_H 1
#define HAVE_DLFCN_H 1
#define HAVE_INTTYPES_H 1
#define HAVE_MEMORY_H 1
#define HAVE_STDINT_H 1
#define HAVE_STRINGS_H 1
#define HAVE_STRING_H 1
#define HAVE_SYS_STAT_H 1
#define HAVE_SYS_TYPES_H 1
#define HAVE_UNISTD_H 1
#define PACKAGE "clp"
#define PACKAGE_BUGREPORT "coin-clp@list.coin-or.org"
#define PACKAGE_NAME "Clp"
#define PACKAGE_STRING "Clp 0.1"
#define PACKAGE_TARNAME "clp"
#define PACKAGE_VERSION "0.1"
#define VERSION "0.1"
#endif
#ifdef __cplusplus
extern "C" void std::exit (int); using std::exit;

configure: exit 0
