This file contains any messages produced by compilers while
running configure, to aid debugging if configure makes a mistake.

It was created by Vol configure 1.1.7, which was
generated by GNU Autoconf 2.59.  Invocation command line was

  $ ./configure --prefix=/Users/dustin/Documents/Projects/sequence-mining/pboost-1.0/external/Osi-0.100.0 --cache-file=/dev/null --srcdir=.

## --------- ##
## Platform. ##
## --------- ##

hostname = Turing-2.local
uname -m = i386
uname -r = 9.8.0
uname -s = Darwin
uname -v = Darwin Kernel Version 9.8.0: Wed Jul 15 16:55:01 PDT 2009; root:xnu-1228.15.4~1/RELEASE_I386

/usr/bin/uname -p = i386
/bin/uname -X     = unknown

/bin/arch              = unknown
/usr/bin/arch -k       = unknown
/usr/convex/getsysinfo = unknown
hostinfo               = Mach kernel version:
	 Darwin Kernel Version 9.8.0: Wed Jul 15 16:55:01 PDT 2009; root:xnu-1228.15.4~1/RELEASE_I386
Kernel configured for up to 2 processors.
2 processors are physically available.
2 processors are logically available.
Processor type: i486 (Intel 80486)
Processors active: 0 1
Primary memory available: 2.00 gigabytes
Default processor set: 82 tasks, 328 threads, 2 processors
Load average: 1.31, Mach factor: 0.78
/bin/machine           = unknown
/usr/bin/oslevel       = unknown
/bin/universe          = unknown

PATH: /opt/local/Library/Frameworks/Python.framework/Versions/2.6/bin/
PATH: /opt/local/bin
PATH: /opt/local/sbin
PATH: /opt/local/bin
PATH: /Users/dustin/.cabal/bin
PATH: /opt/local/sbin
PATH: /Applications/MATLAB_R2008a/bin
PATH: /opt/local/Library/Frameworks/Python.framework/Versions/2.6/bin/
PATH: /opt/local/lib/mysql5/bin
PATH: /opt/local/bin
PATH: /Users/dustin/MonetDb/etc
PATH: /Users/dustin/MonetDb/include
PATH: /Users/dustin/MonetDb/share
PATH: /Users/dustin/Monetdb/var
PATH: /Users/dustin/MonetDb/lib
PATH: /Users/dustin/MonetDb/bin
PATH: /opt/local/sbin
PATH: /usr/local/android-sdk-mac_x86-1.5_r1
PATH: /opt/local/bin
PATH: /Users/dustin/.cabal/bin
PATH: /opt/local/sbin
PATH: /Library/Frameworks/Python.framework/Versions/Current/bin
PATH: /opt/local/Library/Frameworks/Python.framework/Versions/2.6/bin/
PATH: /opt/local/bin
PATH: /opt/local/sbin
PATH: /opt/local/bin
PATH: /Users/dustin/.cabal/bin
PATH: /opt/local/sbin
PATH: /Applications/MATLAB_R2008a/bin
PATH: /opt/local/Library/Frameworks/Python.framework/Versions/2.6/bin/
PATH: /opt/local/lib/mysql5/bin
PATH: /opt/local/bin
PATH: /Users/dustin/MonetDb/etc
PATH: /Users/dustin/MonetDb/include
PATH: /Users/dustin/MonetDb/share
PATH: /Users/dustin/Monetdb/var
PATH: /Users/dustin/MonetDb/lib
PATH: /Users/dustin/MonetDb/bin
PATH: /opt/local/sbin
PATH: /usr/local/android-sdk-mac_x86-1.5_r1
PATH: /opt/local/bin
PATH: /Users/dustin/.cabal/bin
PATH: /opt/local/sbin
PATH: /Library/Frameworks/Python.framework/Versions/Current/bin
PATH: /opt/local/Library/Frameworks/Python.framework/Versions/2.6/bin/
PATH: /opt/local/bin
PATH: /opt/local/sbin
PATH: /opt/local/bin
PATH: /Users/dustin/.cabal/bin
PATH: /opt/local/sbin
PATH: /usr/bin
PATH: /bin
PATH: /usr/sbin
PATH: /sbin
PATH: /usr/local/bin
PATH: /usr/texbin
PATH: /usr/X11/bin


## ----------- ##
## Core tests. ##
## ----------- ##

configure:1638: checking build system type
configure:1656: result: i386-apple-darwin9.8.0
configure:1697: checking whether we want to compile in debug mode
configure:1744: result: no
configure:2006: checking for xlc_r
configure:2035: result: no
configure:2006: checking for xlc
configure:2035: result: no
configure:2006: checking for cc
configure:2022: found /usr/bin/cc
configure:2032: result: cc
configure:2053: checking for C compiler version
configure:2056: cc --version </dev/null >&5
i686-apple-darwin9-gcc-4.0.1 (GCC) 4.0.1 (Apple Inc. build 5490)
Copyright (C) 2005 Free Software Foundation, Inc.
This is free software; see the source for copying conditions.  There is NO
warranty; not even for MERCHANTABILITY or FITNESS FOR A PARTICULAR PURPOSE.

configure:2059: $? = 0
configure:2061: cc -v </dev/null >&5
Using built-in specs.
Target: i686-apple-darwin9
Configured with: /var/tmp/gcc/gcc-5490~1/src/configure --disable-checking -enable-werror --prefix=/usr --mandir=/share/man --enable-languages=c,objc,c++,obj-c++ --program-transform-name=/^[cg][^.-]*$/s/$/-4.0/ --with-gxx-include-dir=/include/c++/4.0.0 --with-slibdir=/usr/lib --build=i686-apple-darwin9 --with-arch=apple --with-tune=generic --host=i686-apple-darwin9 --target=i686-apple-darwin9
Thread model: posix
gcc version 4.0.1 (Apple Inc. build 5490)
configure:2064: $? = 0
configure:2066: cc -V </dev/null >&5
gcc-4.0: argument to `-V' is missing
configure:2069: $? = 1
configure:2092: checking for C compiler default output file name
configure:2095: cc    conftest.c  >&5
configure:2098: $? = 0
configure:2144: result: a.out
configure:2149: checking whether the C compiler works
configure:2155: ./a.out
configure:2158: $? = 0
configure:2175: result: yes
configure:2182: checking whether we are cross compiling
configure:2184: result: no
configure:2187: checking for suffix of executables
configure:2189: cc -o conftest    conftest.c  >&5
configure:2192: $? = 0
configure:2217: result: 
configure:2223: checking for suffix of object files
configure:2244: cc -c   conftest.c >&5
configure:2247: $? = 0
configure:2269: result: o
configure:2273: checking whether we are using the GNU C compiler
configure:2297: cc -c   conftest.c >&5
configure:2303: $? = 0
configure:2307: test -z 
			 || test ! -s conftest.err
configure:2310: $? = 0
configure:2313: test -s conftest.o
configure:2316: $? = 0
configure:2329: result: yes
configure:2335: checking whether cc accepts -g
configure:2356: cc -c -g  conftest.c >&5
configure:2362: $? = 0
configure:2366: test -z 
			 || test ! -s conftest.err
configure:2369: $? = 0
configure:2372: test -s conftest.o
configure:2375: $? = 0
configure:2386: result: yes
configure:2403: checking for cc option to accept ANSI C
configure:2473: cc  -c -g -O2  conftest.c >&5
configure:2479: $? = 0
configure:2483: test -z 
			 || test ! -s conftest.err
configure:2486: $? = 0
configure:2489: test -s conftest.o
configure:2492: $? = 0
configure:2510: result: none needed
configure:2528: cc -c -g -O2  conftest.c >&5
conftest.c:2: error: syntax error before 'me'
configure:2534: $? = 1
configure: failed program was:
| #ifndef __cplusplus
|   choke me
| #endif
configure:2989: cc -o conftest -O3 -fomit-frame-pointer -pipe -DNDEBUG -Wimplicit -Wparentheses -Wsequence-point -Wreturn-type -Wcast-qual -Wall -Wno-unknown-pragmas     conftest.c  >&5
configure:2995: $? = 0
configure:2999: test -z 
			 || test ! -s conftest.err
configure:3002: $? = 0
configure:3005: test -s conftest
configure:3008: $? = 0
configure:3075: C compiler options are: -O3 -fomit-frame-pointer -pipe -DNDEBUG -Wimplicit -Wparentheses -Wsequence-point -Wreturn-type -Wcast-qual -Wall -Wno-unknown-pragmas  
configure:3202: checking for g++
configure:3218: found /usr/bin/g++
configure:3228: result: g++
configure:3244: checking for C++ compiler version
configure:3247: g++ --version </dev/null >&5
i686-apple-darwin9-g++-4.0.1 (GCC) 4.0.1 (Apple Inc. build 5490)
Copyright (C) 2005 Free Software Foundation, Inc.
This is free software; see the source for copying conditions.  There is NO
warranty; not even for MERCHANTABILITY or FITNESS FOR A PARTICULAR PURPOSE.

configure:3250: $? = 0
configure:3252: g++ -v </dev/null >&5
Using built-in specs.
Target: i686-apple-darwin9
Configured with: /var/tmp/gcc/gcc-5490~1/src/configure --disable-checking -enable-werror --prefix=/usr --mandir=/share/man --enable-languages=c,objc,c++,obj-c++ --program-transform-name=/^[cg][^.-]*$/s/$/-4.0/ --with-gxx-include-dir=/include/c++/4.0.0 --with-slibdir=/usr/lib --build=i686-apple-darwin9 --with-arch=apple --with-tune=generic --host=i686-apple-darwin9 --target=i686-apple-darwin9
Thread model: posix
gcc version 4.0.1 (Apple Inc. build 5490)
configure:3255: $? = 0
configure:3257: g++ -V </dev/null >&5
g++-4.0: argument to `-V' is missing
configure:3260: $? = 1
configure:3263: checking whether we are using the GNU C++ compiler
configure:3287: g++ -c   conftest.cc >&5
configure:3293: $? = 0
configure:3297: test -z 
			 || test ! -s conftest.err
configure:3300: $? = 0
configure:3303: test -s conftest.o
configure:3306: $? = 0
configure:3319: result: yes
configure:3325: checking whether g++ accepts -g
configure:3346: g++ -c -g  conftest.cc >&5
configure:3352: $? = 0
configure:3356: test -z 
			 || test ! -s conftest.err
configure:3359: $? = 0
configure:3362: test -s conftest.o
configure:3365: $? = 0
configure:3376: result: yes
configure:3418: g++ -c -g -O2  conftest.cc >&5
configure:3424: $? = 0
configure:3428: test -z 
			 || test ! -s conftest.err
configure:3431: $? = 0
configure:3434: test -s conftest.o
configure:3437: $? = 0
configure:3463: g++ -c -g -O2  conftest.cc >&5
conftest.cc: In function 'int main()':
conftest.cc:15: error: 'exit' was not declared in this scope
configure:3469: $? = 1
configure: failed program was:
| /* confdefs.h.  */
| 
| #define PACKAGE_NAME "Vol"
| #define PACKAGE_TARNAME "vol"
| #define PACKAGE_VERSION "1.1.7"
| #define PACKAGE_STRING "Vol 1.1.7"
| #define PACKAGE_BUGREPORT "coin-vol@list.coin-or.org"
| #define COIN_VOL_VERBOSITY 0
| #define COIN_VOL_CHECKLEVEL 0
| /* end confdefs.h.  */
| 
| int
| main ()
| {
| exit (42);
|   ;
|   return 0;
| }
configure:3418: g++ -c -g -O2  conftest.cc >&5
/usr/include/stdlib.h:159: error: declaration of 'void std::exit(int)' throws different exceptions
conftest.cc:11: error: than previous declaration 'void std::exit(int) throw ()'
configure:3424: $? = 1
configure: failed program was:
| /* confdefs.h.  */
| 
| #define PACKAGE_NAME "Vol"
| #define PACKAGE_TARNAME "vol"
| #define PACKAGE_VERSION "1.1.7"
| #define PACKAGE_STRING "Vol 1.1.7"
| #define PACKAGE_BUGREPORT "coin-vol@list.coin-or.org"
| #define COIN_VOL_VERBOSITY 0
| #define COIN_VOL_CHECKLEVEL 0
| /* end confdefs.h.  */
| extern "C" void std::exit (int) throw (); using std::exit;
| #include <stdlib.h>
| int
| main ()
| {
| exit (42);
|   ;
|   return 0;
| }
configure:3418: g++ -c -g -O2  conftest.cc >&5
configure:3424: $? = 0
configure:3428: test -z 
			 || test ! -s conftest.err
configure:3431: $? = 0
configure:3434: test -s conftest.o
configure:3437: $? = 0
configure:3463: g++ -c -g -O2  conftest.cc >&5
configure:3469: $? = 0
configure:3473: test -z 
			 || test ! -s conftest.err
configure:3476: $? = 0
configure:3479: test -s conftest.o
configure:3482: $? = 0
configure:3514: checking whether C++ compiler g++ works
configure:3532: g++ -c -g -O2  conftest.cc >&5
configure:3538: $? = 0
configure:3542: test -z 
			 || test ! -s conftest.err
configure:3545: $? = 0
configure:3548: test -s conftest.o
configure:3551: $? = 0
configure:3553: result: yes
configure:3913: g++ -o conftest -O3 -fomit-frame-pointer -pipe -DNDEBUG -Wimplicit -Wparentheses -Wreturn-type -Wcast-qual -Wall -Wpointer-arith -Wwrite-strings -Wconversion -Wno-unknown-pragmas     conftest.cc  >&5
configure:3919: $? = 0
configure:3923: test -z 
			 || test ! -s conftest.err
configure:3926: $? = 0
configure:3929: test -s conftest
configure:3932: $? = 0
configure:3999: C++ compiler options are: -O3 -fomit-frame-pointer -pipe -DNDEBUG -Wimplicit -Wparentheses -Wreturn-type -Wcast-qual -Wall -Wpointer-arith -Wwrite-strings -Wconversion -Wno-unknown-pragmas  
configure:4111: checking for egrep
configure:4121: result: grep -E
configure:4140: checking for a BSD-compatible install
configure:4195: result: /usr/bin/install -c
configure:4206: checking whether build environment is sane
configure:4249: result: yes
configure:4314: checking for gawk
configure:4330: found /opt/local/bin/gawk
configure:4340: result: gawk
configure:4350: checking whether make sets $(MAKE)
configure:4370: result: yes
configure:4400: checking for style of include used by make
configure:4428: result: GNU
configure:4608: checking dependency style of cc
configure:4698: result: gcc3
configure:4717: checking dependency style of g++
configure:4807: result: gcc3
configure:4825: checking whether to enable maintainer-specific portions of Makefiles
configure:4834: result: no
configure:20333: Using libtool script in directory ..
configure:20391: checking for COIN project CoinUtils
configure:20446: result: ../CoinUtils
configure:20449: checking for COIN project Vol
configure:20504: result: .
configure:20515: checking whether this is a VPATH configuration
configure:20522: result: no
configure:20560: checking which command should be used to link input files
configure:20570: result: ln -s
configure:20795: creating ./config.status

## ---------------------- ##
## Running config.status. ##
## ---------------------- ##

This file was extended by Vol config.status 1.1.7, which was
generated by GNU Autoconf 2.59.  Invocation command line was

  CONFIG_FILES    = 
  CONFIG_HEADERS  = 
  CONFIG_LINKS    = 
  CONFIG_COMMANDS = 
  $ ./config.status 

on Turing-2.local

config.status:757: creating Makefile
config.status:757: creating examples/VolLp/Makefile
config.status:757: creating examples/VolUfl/Makefile
config.status:757: creating examples/Volume-LP/Makefile
config.status:757: creating src/Makefile
config.status:757: creating vol_addlibs.txt
config.status:940: executing depfiles commands
configure:21960: Configuration of Vol successful

## ---------------- ##
## Cache variables. ##
## ---------------- ##

ac_cv_build=i386-apple-darwin9.8.0
ac_cv_build_alias=i386-apple-darwin9.8.0
ac_cv_c_compiler_gnu=yes
ac_cv_cxx_compiler_gnu=yes
ac_cv_env_ADD_CFLAGS_set=
ac_cv_env_ADD_CFLAGS_value=
ac_cv_env_ADD_CXXFLAGS_set=
ac_cv_env_ADD_CXXFLAGS_value=
ac_cv_env_CC_set=
ac_cv_env_CC_value=
ac_cv_env_CDEFS_set=
ac_cv_env_CDEFS_value=
ac_cv_env_CFLAGS_set=
ac_cv_env_CFLAGS_value=
ac_cv_env_CPPFLAGS_set=
ac_cv_env_CPPFLAGS_value=
ac_cv_env_CPP_set=
ac_cv_env_CPP_value=
ac_cv_env_CXXCPP_set=
ac_cv_env_CXXCPP_value=
ac_cv_env_CXXDEFS_set=
ac_cv_env_CXXDEFS_value=
ac_cv_env_CXXFLAGS_set=
ac_cv_env_CXXFLAGS_value=
ac_cv_env_CXX_set=
ac_cv_env_CXX_value=
ac_cv_env_DBG_CFLAGS_set=
ac_cv_env_DBG_CFLAGS_value=
ac_cv_env_DBG_CXXFLAGS_set=
ac_cv_env_DBG_CXXFLAGS_value=
ac_cv_env_F77_set=
ac_cv_env_F77_value=
ac_cv_env_FFLAGS_set=
ac_cv_env_FFLAGS_value=
ac_cv_env_LDFLAGS_set=
ac_cv_env_LDFLAGS_value=
ac_cv_env_MPICC_set=
ac_cv_env_MPICC_value=
ac_cv_env_MPICXX_set=
ac_cv_env_MPICXX_value=
ac_cv_env_OPT_CFLAGS_set=
ac_cv_env_OPT_CFLAGS_value=
ac_cv_env_OPT_CXXFLAGS_set=
ac_cv_env_OPT_CXXFLAGS_value=
ac_cv_env_build_alias_set=
ac_cv_env_build_alias_value=
ac_cv_env_host_alias_set=
ac_cv_env_host_alias_value=
ac_cv_env_target_alias_set=
ac_cv_env_target_alias_value=
ac_cv_exeext=
ac_cv_objext=o
ac_cv_path_install='/usr/bin/install -c'
ac_cv_prog_AWK=gawk
ac_cv_prog_ac_ct_CC=cc
ac_cv_prog_ac_ct_CXX=g++
ac_cv_prog_cc_g=yes
ac_cv_prog_cc_stdc=
ac_cv_prog_cxx_g=yes
ac_cv_prog_egrep='grep -E'
ac_cv_prog_make_make_set=yes
am_cv_CC_dependencies_compiler_type=gcc3
am_cv_CXX_dependencies_compiler_type=gcc3

## ----------------- ##
## Output variables. ##
## ----------------- ##

ACLOCAL='${SHELL} /Users/dustin/Documents/Projects/sequence-mining/pboost-1.0/external/Osi-0.100.0/missing --run aclocal-1.9'
ADDLIBS='-lm '
ADD_CFLAGS=''
ADD_CXXFLAGS=''
ALWAYS_FALSE_FALSE=''
ALWAYS_FALSE_TRUE='#'
AMDEPBACKSLASH='\'
AMDEP_FALSE='#'
AMDEP_TRUE=''
AMTAR='${SHELL} /Users/dustin/Documents/Projects/sequence-mining/pboost-1.0/external/Osi-0.100.0/missing --run tar'
AR='ar'
AUTOCONF='${SHELL} /Users/dustin/Documents/Projects/sequence-mining/pboost-1.0/external/Osi-0.100.0/missing --run autoconf'
AUTOHEADER='${SHELL} /Users/dustin/Documents/Projects/sequence-mining/pboost-1.0/external/Osi-0.100.0/missing --run autoheader'
AUTOMAKE='${SHELL} /Users/dustin/Documents/Projects/sequence-mining/pboost-1.0/external/Osi-0.100.0/missing --run automake-1.9'
AUX_DIR=''
AWK='gawk'
BUILDTOOLSDIR=''
CC='cc'
CCDEPMODE='depmode=gcc3'
CDEFS=''
CFLAGS='-O3 -fomit-frame-pointer -pipe -DNDEBUG -Wimplicit -Wparentheses -Wsequence-point -Wreturn-type -Wcast-qual -Wall -Wno-unknown-pragmas  '
COINUTILSDOCDIR='/Users/dustin/Documents/Projects/sequence-mining/pboost-1.0/external/Osi-0.100.0/lib/../share/doc/coin/CoinUtils'
COINUTILSOBJDIR='/Users/dustin/Documents/Projects/sequence-mining/pboost-1.0/external/Osi-0.100.0/Vol/../CoinUtils'
COINUTILSSRCDIR='/Users/dustin/Documents/Projects/sequence-mining/pboost-1.0/external/Osi-0.100.0/CoinUtils'
COIN_HAS_COINUTILS_FALSE='#'
COIN_HAS_COINUTILS_TRUE=''
COIN_HAS_VOL_FALSE='#'
COIN_HAS_VOL_TRUE=''
CPP='cc -E'
CPPFLAGS=''
CXX='g++'
CXXCPP='g++ -E'
CXXDEFS=''
CXXDEPMODE='depmode=gcc3'
CXXFLAGS='-O3 -fomit-frame-pointer -pipe -DNDEBUG -Wimplicit -Wparentheses -Wreturn-type -Wcast-qual -Wall -Wpointer-arith -Wwrite-strings -Wconversion -Wno-unknown-pragmas  '
CYGPATH_W='echo'
DBG_CFLAGS='-g -pipe -Wimplicit -Wparentheses -Wsequence-point -Wreturn-type -Wcast-qual -Wall -Wno-unknown-pragmas  '
DBG_CXXFLAGS='-g -pipe -Wimplicit -Wparentheses -Wreturn-type -Wcast-qual -Wall -Wpointer-arith -Wwrite-strings -Wconversion -Wno-unknown-pragmas  '
DEFS='-DPACKAGE_NAME=\"Vol\" -DPACKAGE_TARNAME=\"vol\" -DPACKAGE_VERSION=\"1.1.7\" -DPACKAGE_STRING=\"Vol\ 1.1.7\" -DPACKAGE_BUGREPORT=\"coin-vol@list.coin-or.org\" -DCOIN_VOL_VERBOSITY=0 -DCOIN_VOL_CHECKLEVEL=0 -DPACKAGE=\"vol\" -DVERSION=\"1.1.7\" -DSTDC_HEADERS=1 -DHAVE_SYS_TYPES_H=1 -DHAVE_SYS_STAT_H=1 -DHAVE_STDLIB_H=1 -DHAVE_STRING_H=1 -DHAVE_MEMORY_H=1 -DHAVE_STRINGS_H=1 -DHAVE_INTTYPES_H=1 -DHAVE_STDINT_H=1 -DHAVE_UNISTD_H=1 -DHAVE_DLFCN_H=1 -DCOIN_HAS_COINUTILS=1 -DCOIN_HAS_VOL=1 '
DEPDIR='.deps'
ECHO='/bin/echo'
ECHO_C='ECHO_N=''
ECHO_T=''
EGREP='grep -E'
EXEEXT=''
F77=''
FADDLIBS='-lm '
FFLAGS=''
HAVE_EXTERNALS_FALSE=''
HAVE_EXTERNALS_TRUE='#'
INSTALL_DATA='${INSTALL} -m 644'
INSTALL_PROGRAM='${INSTALL}'
INSTALL_SCRIPT='${INSTALL}'
INSTALL_STRIP_PROGRAM='${SHELL} $(install_sh) -c -s'
LDFLAGS=''
LIBEXT='a'
LIBOBJS=''
LIBS=''
LIBTOOL='$(SHELL) $(top_builddir)/../libtool'
LIBTOOLM4=''
LN_S='ln -s'
LTLIBOBJS=''
LT_LDFLAGS=''
MAINT='#'
MAINTAINER_MODE_FALSE=''
MAINTAINER_MODE_TRUE='#'
MAKEINFO='${SHELL} /Users/dustin/Documents/Projects/sequence-mining/pboost-1.0/external/Osi-0.100.0/missing --run makeinfo'
MPICC=''
MPICXX=''
OBJEXT='o'
OPT_CFLAGS='-O3 -fomit-frame-pointer -pipe -DNDEBUG -Wimplicit -Wparentheses -Wsequence-point -Wreturn-type -Wcast-qual -Wall -Wno-unknown-pragmas  '
OPT_CXXFLAGS='-O3 -fomit-frame-pointer -pipe -DNDEBUG -Wimplicit -Wparentheses -Wreturn-type -Wcast-qual -Wall -Wpointer-arith -Wwrite-strings -Wconversion -Wno-unknown-pragmas  '
PACKAGE='vol'
PACKAGE_BUGREPORT='coin-vol@list.coin-or.org'
PACKAGE_NAME='Vol'
PACKAGE_STRING='Vol 1.1.7'
PACKAGE_TARNAME='vol'
PACKAGE_VERSION='1.1.7'
PATH_SEPARATOR=':'
RANLIB='ranlib'
RPATH_FLAGS=''
SET_MAKE=''
SHELL='/bin/sh'
STRIP='strip'
VERSION='1.1.7'
VOLDOCDIR='/Users/dustin/Documents/Projects/sequence-mining/pboost-1.0/external/Osi-0.100.0/lib/../share/doc/coin/Vol'
VOLOBJDIR='/Users/dustin/Documents/Projects/sequence-mining/pboost-1.0/external/Osi-0.100.0/Vol/.'
VOLSRCDIR='/Users/dustin/Documents/Projects/sequence-mining/pboost-1.0/external/Osi-0.100.0/Vol'
VPATH_DISTCLEANFILES=''
abs_bin_dir='/Users/dustin/Documents/Projects/sequence-mining/pboost-1.0/external/Osi-0.100.0/bin'
abs_include_dir='/Users/dustin/Documents/Projects/sequence-mining/pboost-1.0/external/Osi-0.100.0/include'
abs_lib_dir='/Users/dustin/Documents/Projects/sequence-mining/pboost-1.0/external/Osi-0.100.0/lib'
abs_source_dir='/Users/dustin/Documents/Projects/sequence-mining/pboost-1.0/external/Osi-0.100.0/Vol'
ac_c_preproc_warn_flag=''
ac_ct_AR='ar'
ac_ct_CC='cc'
ac_ct_CXX='g++'
ac_ct_F77=''
ac_ct_RANLIB='ranlib'
ac_ct_STRIP='strip'
ac_cxx_preproc_warn_flag=''
am__fastdepCC_FALSE='#'
am__fastdepCC_TRUE=''
am__fastdepCXX_FALSE='#'
am__fastdepCXX_TRUE=''
am__include='include'
am__leading_dot='.'
am__quote=''
am__tar='${AMTAR} chof - "$$tardir"'
am__untar='${AMTAR} xf -'
bindir='${exec_prefix}/bin'
build='i386-apple-darwin9.8.0'
build_alias=''
build_cpu='i386'
build_os='darwin9.8.0'
build_vendor='apple'
datadir='${prefix}/share'
exec_prefix='${prefix}'
have_autoconf=''
have_automake=''
have_svn=''
host='i386-apple-darwin9.8.0'
host_alias=''
host_cpu='i386'
host_os='darwin9.8.0'
host_vendor='apple'
includedir='${prefix}/include'
infodir='${prefix}/info'
install_sh='/Users/dustin/Documents/Projects/sequence-mining/pboost-1.0/external/Osi-0.100.0/install-sh'
libdir='${exec_prefix}/lib'
libexecdir='${exec_prefix}/libexec'
localstatedir='${prefix}/var'
mandir='${prefix}/man'
mkdir_p='$(install_sh) -d'
oldincludedir='/usr/include'
prefix='/Users/dustin/Documents/Projects/sequence-mining/pboost-1.0/external/Osi-0.100.0'
program_transform_name='s,x,x,'
sbindir='${exec_prefix}/sbin'
sharedstatedir='${prefix}/com'
sol_cc_compiler=''
sysconfdir='${prefix}/etc'
target_alias=''

## ----------- ##
## confdefs.h. ##
## ----------- ##

#define COIN_HAS_COINUTILS 1
#define COIN_HAS_VOL 1
#define COIN_VOL_CHECKLEVEL 0
#define COIN_VOL_VERBOSITY 0
#define HAVE_DLFCN_H 1
#define HAVE_INTTYPES_H 1
#define HAVE_MEMORY_H 1
#define HAVE_STDINT_H 1
#define HAVE_STDLIB_H 1
#define HAVE_STRINGS_H 1
#define HAVE_STRING_H 1
#define HAVE_SYS_STAT_H 1
#define HAVE_SYS_TYPES_H 1
#define HAVE_UNISTD_H 1
#define PACKAGE "vol"
#define PACKAGE_BUGREPORT "coin-vol@list.coin-or.org"
#define PACKAGE_NAME "Vol"
#define PACKAGE_STRING "Vol 1.1.7"
#define PACKAGE_TARNAME "vol"
#define PACKAGE_VERSION "1.1.7"
#define STDC_HEADERS 1
#define VERSION "1.1.7"
#endif
#ifdef __cplusplus
extern "C" void std::exit (int); using std::exit;

configure: exit 0
